;  LST file generated by mikroListExporter - v.2.0 
; Date/Time: 5/30/2014 11:25:13 AM
;----------------------------------------------

;Address Opcode 	ASM
0x0000	0xF002EF7F  	GOTO        1278
_interrupt:
;ECET PROJECT.c,62 :: 		void interrupt(){   //ISR
0x0008	0xF017C00B  	MOVFF       R11, 23
0x000C	0xF016C00C  	MOVFF       R12, 22
0x0010	0xF015C00D  	MOVFF       R13, 21
;ECET PROJECT.c,65 :: 		if(RBIF_bit == 1) {    //Used to make sure that a PortB interrupt occured
0x0014	0xA0F2      	BTFSS       RBIF_bit, BitPos(RBIF_bit+0) 
0x0016	0xD01A      	BRA         L_interrupt0
;ECET PROJECT.c,68 :: 		if (PORTB.F7 == 1) //The lazer was tripped
0x0018	0xAE81      	BTFSS       PORTB, 7 
0x001A	0xD015      	BRA         L_interrupt1
;ECET PROJECT.c,71 :: 		PORTE.F0 = 1;   //Sound the buzzer for 500ms
0x001C	0x8084      	BSF         PORTE, 0 
;ECET PROJECT.c,72 :: 		Delay_ms(500);
0x001E	0x0E06      	MOVLW       6
0x0020	0x6E0B      	MOVWF       R11, 0
0x0022	0x0E13      	MOVLW       19
0x0024	0x6E0C      	MOVWF       R12, 0
0x0026	0x0EAD      	MOVLW       173
0x0028	0x6E0D      	MOVWF       R13, 0
L_interrupt2:
0x002A	0x2E0D      	DECFSZ      R13, 1, 0
0x002C	0xD7FE      	BRA         L_interrupt2
0x002E	0x2E0C      	DECFSZ      R12, 1, 0
0x0030	0xD7FC      	BRA         L_interrupt2
0x0032	0x2E0B      	DECFSZ      R11, 1, 0
0x0034	0xD7FA      	BRA         L_interrupt2
0x0036	0x0000      	NOP
0x0038	0x0000      	NOP
;ECET PROJECT.c,73 :: 		PORTE.F0 = 0;
0x003A	0x9084      	BCF         PORTE, 0 
;ECET PROJECT.c,75 :: 		++trips; //Increment the break counter
0x003C	0x2A42      	INCF        _trips, 1 
;ECET PROJECT.c,79 :: 		while(1)
L_interrupt3:
;ECET PROJECT.c,81 :: 		if(PORTE.F1 == 1)
0x003E	0xA284      	BTFSS       PORTE, 1 
0x0040	0xD001      	BRA         L_interrupt5
;ECET PROJECT.c,83 :: 		break; //Exit loop, reset button has been pressed
0x0042	0xD001      	BRA         L_interrupt4
;ECET PROJECT.c,84 :: 		}
L_interrupt5:
;ECET PROJECT.c,85 :: 		}
0x0044	0xD7FC      	BRA         L_interrupt3
L_interrupt4:
;ECET PROJECT.c,86 :: 		}
L_interrupt1:
;ECET PROJECT.c,89 :: 		if (PORTB.F6 == 1)  //Was the course completed?
0x0046	0xBC81      	BTFSC       PORTB, 6 
;ECET PROJECT.c,91 :: 		flag = 1;  //Course was completed
0x0048	0x8043      	BSF         _flag, BitPos(_flag+0) 
;ECET PROJECT.c,92 :: 		}
L_interrupt6:
;ECET PROJECT.c,93 :: 		RBIF_bit = 0;              // Interrupt was serviced
0x004A	0x90F2      	BCF         RBIF_bit, BitPos(RBIF_bit+0) 
;ECET PROJECT.c,95 :: 		}
L_interrupt0:
;ECET PROJECT.c,96 :: 		}
L_end_interrupt:
L__interrupt15:
0x004C	0xF00BC017  	MOVFF       23, R11
0x0050	0xF00CC016  	MOVFF       22, R12
0x0054	0xF00DC015  	MOVFF       21, R13
0x0058	0x0011      	RETFIE      1
; end of _interrupt
_Delay_5500us:
;__Lib_Delays.c,31 :: 		void Delay_5500us() {
;__Lib_Delays.c,32 :: 		Delay_us(5500);
0x005A	0x0E0F      	MOVLW       15
0x005C	0x6E0C      	MOVWF       R12, 0
0x005E	0x0E47      	MOVLW       71
0x0060	0x6E0D      	MOVWF       R13, 0
L_Delay_5500us5:
0x0062	0x2E0D      	DECFSZ      R13, 1, 0
0x0064	0xD7FE      	BRA         L_Delay_5500us5
0x0066	0x2E0C      	DECFSZ      R12, 1, 0
0x0068	0xD7FC      	BRA         L_Delay_5500us5
0x006A	0x0000      	NOP
0x006C	0x0000      	NOP
;__Lib_Delays.c,33 :: 		}
L_end_Delay_5500us:
0x006E	0x0012      	RETURN      0
; end of _Delay_5500us
_Delay_1us:
;__Lib_Delays.c,7 :: 		void Delay_1us() {
;__Lib_Delays.c,8 :: 		Delay_us(1);
0x0070	0x0000      	NOP
0x0072	0x0000      	NOP
;__Lib_Delays.c,9 :: 		}
L_end_Delay_1us:
0x0074	0x0012      	RETURN      0
; end of _Delay_1us
_Delay_50us:
;__Lib_Delays.c,19 :: 		void Delay_50us() {
;__Lib_Delays.c,20 :: 		Delay_us(50);
0x0076	0x0E21      	MOVLW       33
0x0078	0x6E0D      	MOVWF       R13, 0
L_Delay_50us2:
0x007A	0x2E0D      	DECFSZ      R13, 1, 0
0x007C	0xD7FE      	BRA         L_Delay_50us2
;__Lib_Delays.c,21 :: 		}
L_end_Delay_50us:
0x007E	0x0012      	RETURN      0
; end of _Delay_50us
_Div_8x8_U:
;__Lib_Math.c,77 :: 		
;__Lib_Math.c,84 :: 		
0x0080	0x6A08      	CLRF        R8, 0
;__Lib_Math.c,85 :: 		
0x0082	0x0E08      	MOVLW       8
;__Lib_Math.c,86 :: 		
0x0084	0x6E0C      	MOVWF       R12, 0
;__Lib_Math.c,87 :: 		
0x0086	0x3400      	RLCF        R0, 0, 0
;__Lib_Math.c,88 :: 		
0x0088	0x3608      	RLCF        R8, 1, 0
;__Lib_Math.c,89 :: 		
0x008A	0x5004      	MOVF        R4, 0, 0
;__Lib_Math.c,90 :: 		
0x008C	0x5E08      	SUBWF       R8, 1, 0
;__Lib_Math.c,91 :: 		
0x008E	0xB0D8      	BTFSC       STATUS, 0, 0
;__Lib_Math.c,92 :: 		
0x0090	0xD002      	BRA         $+6
;__Lib_Math.c,93 :: 		
0x0092	0x2608      	ADDWF       R8, 1, 0
;__Lib_Math.c,94 :: 		
0x0094	0x90D8      	BCF         STATUS, 0, 0
;__Lib_Math.c,95 :: 		
0x0096	0x3600      	RLCF        R0, 1, 0
;__Lib_Math.c,96 :: 		
0x0098	0x2E0C      	DECFSZ      R12, 1, 0
;__Lib_Math.c,97 :: 		
0x009A	0xD7F5      	BRA         $-20
;__Lib_Math.c,99 :: 		
L_end_Div_8x8_U:
0x009C	0x0012      	RETURN      0
; end of _Div_8x8_U
_ByteToStr:
;__Lib_Conversions.c,66 :: 		
;__Lib_Conversions.c,69 :: 		
0x009E	0x0100      	MOVLB       0
0x00A0	0x6B60      	CLRF        ByteToStr_DigitPos_L0, 1
L_ByteToStr0:
0x00A2	0x0E03      	MOVLW       3
0x00A4	0x5D60      	SUBWF       ByteToStr_DigitPos_L0, 0, 1
0x00A6	0xE20A      	BC          L_ByteToStr1
;__Lib_Conversions.c,70 :: 		
0x00A8	0x5160      	MOVF        ByteToStr_DigitPos_L0, 0, 1
0x00AA	0x245E      	ADDWF       FARG_ByteToStr_output, 0 
0x00AC	0x6EE1      	MOVWF       FSR1L 
0x00AE	0x0E00      	MOVLW       0
0x00B0	0x205F      	ADDWFC      FARG_ByteToStr_output+1, 0 
0x00B2	0x6EE2      	MOVWF       FSR1H 
0x00B4	0x0E20      	MOVLW       32
0x00B6	0x6EE6      	MOVWF       POSTINC1 
;__Lib_Conversions.c,69 :: 		
0x00B8	0x2B60      	INCF        ByteToStr_DigitPos_L0, 1, 1
;__Lib_Conversions.c,70 :: 		
0x00BA	0xD7F3      	BRA         L_ByteToStr0
L_ByteToStr1:
;__Lib_Conversions.c,72 :: 		
0x00BC	0x5160      	MOVF        ByteToStr_DigitPos_L0, 0, 1
0x00BE	0x245E      	ADDWF       FARG_ByteToStr_output, 0 
0x00C0	0x6EE1      	MOVWF       FSR1L 
0x00C2	0x0E00      	MOVLW       0
0x00C4	0x205F      	ADDWFC      FARG_ByteToStr_output+1, 0 
0x00C6	0x6EE2      	MOVWF       FSR1H 
0x00C8	0x6AE6      	CLRF        POSTINC1 
0x00CA	0x0760      	DECF        ByteToStr_DigitPos_L0, 1, 1
;__Lib_Conversions.c,74 :: 		
L_ByteToStr3:
;__Lib_Conversions.c,75 :: 		
0x00CC	0x5160      	MOVF        ByteToStr_DigitPos_L0, 0, 1
0x00CE	0x245E      	ADDWF       FARG_ByteToStr_output, 0 
0x00D0	0x6F61      	MOVWF       FLOC__ByteToStr, 1
0x00D2	0x0E00      	MOVLW       0
0x00D4	0x205F      	ADDWFC      FARG_ByteToStr_output+1, 0 
0x00D6	0x6F62      	MOVWF       FLOC__ByteToStr+1, 1
0x00D8	0x0E0A      	MOVLW       10
0x00DA	0x6E04      	MOVWF       R4 
0x00DC	0xF000C05D  	MOVFF       FARG_ByteToStr_input, R0
0x00E0	0xDFCF      	RCALL       _Div_8x8_U
0x00E2	0xF000C008  	MOVFF       R8, R0
0x00E6	0x0E30      	MOVLW       48
0x00E8	0x2600      	ADDWF       R0, 1 
0x00EA	0xFFE1C061  	MOVFF       FLOC__ByteToStr, FSR1L
0x00EE	0xFFE2C062  	MOVFF       FLOC__ByteToStr+1, FSR1H
0x00F2	0xFFE6C000  	MOVFF       R0, POSTINC1
;__Lib_Conversions.c,76 :: 		
0x00F6	0x0E0A      	MOVLW       10
0x00F8	0x6E04      	MOVWF       R4 
0x00FA	0xF000C05D  	MOVFF       FARG_ByteToStr_input, R0
0x00FE	0xDFC0      	RCALL       _Div_8x8_U
0x0100	0xF05DC000  	MOVFF       R0, FARG_ByteToStr_input
;__Lib_Conversions.c,77 :: 		
0x0104	0x5000      	MOVF        R0, 0 
0x0106	0x0A00      	XORLW       0
0x0108	0xE101      	BNZ         L_ByteToStr5
;__Lib_Conversions.c,78 :: 		
0x010A	0xD002      	BRA         L_ByteToStr4
L_ByteToStr5:
;__Lib_Conversions.c,79 :: 		
0x010C	0x0760      	DECF        ByteToStr_DigitPos_L0, 1, 1
;__Lib_Conversions.c,80 :: 		
0x010E	0xD7DE      	BRA         L_ByteToStr3
L_ByteToStr4:
;__Lib_Conversions.c,81 :: 		
L_end_ByteToStr:
0x0110	0x0012      	RETURN      0
; end of _ByteToStr
_Lcd_Cmd:
;__Lib_Lcd.c,18 :: 		
;__Lib_Lcd.c,20 :: 		
0x0112	0xBE5D      	BTFSC       FARG_Lcd_Cmd_out_char, 7 
0x0114	0xD002      	BRA         L__Lcd_Cmd21
0x0116	0x968A      	BCF         LCD_D7, BitPos(LCD_D7+0) 
0x0118	0xD001      	BRA         L__Lcd_Cmd22
L__Lcd_Cmd21:
0x011A	0x868A      	BSF         LCD_D7, BitPos(LCD_D7+0) 
L__Lcd_Cmd22:
;__Lib_Lcd.c,21 :: 		
0x011C	0xBC5D      	BTFSC       FARG_Lcd_Cmd_out_char, 6 
0x011E	0xD002      	BRA         L__Lcd_Cmd23
0x0120	0x948A      	BCF         LCD_D6, BitPos(LCD_D6+0) 
0x0122	0xD001      	BRA         L__Lcd_Cmd24
L__Lcd_Cmd23:
0x0124	0x848A      	BSF         LCD_D6, BitPos(LCD_D6+0) 
L__Lcd_Cmd24:
;__Lib_Lcd.c,22 :: 		
0x0126	0xBA5D      	BTFSC       FARG_Lcd_Cmd_out_char, 5 
0x0128	0xD002      	BRA         L__Lcd_Cmd25
0x012A	0x928A      	BCF         LCD_D5, BitPos(LCD_D5+0) 
0x012C	0xD001      	BRA         L__Lcd_Cmd26
L__Lcd_Cmd25:
0x012E	0x828A      	BSF         LCD_D5, BitPos(LCD_D5+0) 
L__Lcd_Cmd26:
;__Lib_Lcd.c,23 :: 		
0x0130	0xB85D      	BTFSC       FARG_Lcd_Cmd_out_char, 4 
0x0132	0xD002      	BRA         L__Lcd_Cmd27
0x0134	0x908A      	BCF         LCD_D4, BitPos(LCD_D4+0) 
0x0136	0xD001      	BRA         L__Lcd_Cmd28
L__Lcd_Cmd27:
0x0138	0x808A      	BSF         LCD_D4, BitPos(LCD_D4+0) 
L__Lcd_Cmd28:
;__Lib_Lcd.c,25 :: 		
0x013A	0xB243      	BTFSC       __Lib_Lcd_cmd_status, BitPos(__Lib_Lcd_cmd_status+0) 
0x013C	0xD002      	BRA         L__Lcd_Cmd29
0x013E	0x888A      	BSF         LCD_RS, BitPos(LCD_RS+0) 
0x0140	0xD001      	BRA         L__Lcd_Cmd30
L__Lcd_Cmd29:
0x0142	0x988A      	BCF         LCD_RS, BitPos(LCD_RS+0) 
L__Lcd_Cmd30:
;__Lib_Lcd.c,28 :: 		
0x0144	0x8A8A      	BSF         LCD_EN, BitPos(LCD_EN+0) 
;__Lib_Lcd.c,29 :: 		
0x0146	0xDF94      	RCALL       _Delay_1us
;__Lib_Lcd.c,30 :: 		
0x0148	0x9A8A      	BCF         LCD_EN, BitPos(LCD_EN+0) 
;__Lib_Lcd.c,33 :: 		
0x014A	0xB65D      	BTFSC       FARG_Lcd_Cmd_out_char, 3 
0x014C	0xD002      	BRA         L__Lcd_Cmd31
0x014E	0x968A      	BCF         LCD_D7, BitPos(LCD_D7+0) 
0x0150	0xD001      	BRA         L__Lcd_Cmd32
L__Lcd_Cmd31:
0x0152	0x868A      	BSF         LCD_D7, BitPos(LCD_D7+0) 
L__Lcd_Cmd32:
;__Lib_Lcd.c,34 :: 		
0x0154	0xB45D      	BTFSC       FARG_Lcd_Cmd_out_char, 2 
0x0156	0xD002      	BRA         L__Lcd_Cmd33
0x0158	0x948A      	BCF         LCD_D6, BitPos(LCD_D6+0) 
0x015A	0xD001      	BRA         L__Lcd_Cmd34
L__Lcd_Cmd33:
0x015C	0x848A      	BSF         LCD_D6, BitPos(LCD_D6+0) 
L__Lcd_Cmd34:
;__Lib_Lcd.c,35 :: 		
0x015E	0xB25D      	BTFSC       FARG_Lcd_Cmd_out_char, 1 
0x0160	0xD002      	BRA         L__Lcd_Cmd35
0x0162	0x928A      	BCF         LCD_D5, BitPos(LCD_D5+0) 
0x0164	0xD001      	BRA         L__Lcd_Cmd36
L__Lcd_Cmd35:
0x0166	0x828A      	BSF         LCD_D5, BitPos(LCD_D5+0) 
L__Lcd_Cmd36:
;__Lib_Lcd.c,36 :: 		
0x0168	0xB05D      	BTFSC       FARG_Lcd_Cmd_out_char, 0 
0x016A	0xD002      	BRA         L__Lcd_Cmd37
0x016C	0x908A      	BCF         LCD_D4, BitPos(LCD_D4+0) 
0x016E	0xD001      	BRA         L__Lcd_Cmd38
L__Lcd_Cmd37:
0x0170	0x808A      	BSF         LCD_D4, BitPos(LCD_D4+0) 
L__Lcd_Cmd38:
;__Lib_Lcd.c,38 :: 		
0x0172	0xB243      	BTFSC       __Lib_Lcd_cmd_status, BitPos(__Lib_Lcd_cmd_status+0) 
0x0174	0xD002      	BRA         L__Lcd_Cmd39
0x0176	0x888A      	BSF         LCD_RS, BitPos(LCD_RS+0) 
0x0178	0xD001      	BRA         L__Lcd_Cmd40
L__Lcd_Cmd39:
0x017A	0x988A      	BCF         LCD_RS, BitPos(LCD_RS+0) 
L__Lcd_Cmd40:
;__Lib_Lcd.c,40 :: 		
0x017C	0x8A8A      	BSF         LCD_EN, BitPos(LCD_EN+0) 
;__Lib_Lcd.c,41 :: 		
0x017E	0xDF78      	RCALL       _Delay_1us
;__Lib_Lcd.c,42 :: 		
0x0180	0x9A8A      	BCF         LCD_EN, BitPos(LCD_EN+0) 
;__Lib_Lcd.c,44 :: 		
0x0182	0xA243      	BTFSS       __Lib_Lcd_cmd_status, BitPos(__Lib_Lcd_cmd_status+0) 
0x0184	0xD002      	BRA         L_Lcd_Cmd0
;__Lib_Lcd.c,45 :: 		
0x0186	0xDF69      	RCALL       _Delay_5500us
0x0188	0xD001      	BRA         L_Lcd_Cmd1
L_Lcd_Cmd0:
;__Lib_Lcd.c,47 :: 		
0x018A	0xDF75      	RCALL       _Delay_50us
L_Lcd_Cmd1:
;__Lib_Lcd.c,48 :: 		
L_end_Lcd_Cmd:
0x018C	0x0012      	RETURN      0
; end of _Lcd_Cmd
_Lcd_Chr_CP:
;__Lib_Lcd.c,50 :: 		
;__Lib_Lcd.c,52 :: 		
0x018E	0x9243      	BCF         __Lib_Lcd_cmd_status, BitPos(__Lib_Lcd_cmd_status+0) 
;__Lib_Lcd.c,53 :: 		
0x0190	0xF05DC054  	MOVFF       FARG_Lcd_Chr_CP_out_char, FARG_Lcd_Cmd_out_char
0x0194	0xDFBE      	RCALL       _Lcd_Cmd
;__Lib_Lcd.c,54 :: 		
0x0196	0x8243      	BSF         __Lib_Lcd_cmd_status, BitPos(__Lib_Lcd_cmd_status+0) 
;__Lib_Lcd.c,55 :: 		
L_end_Lcd_Chr_CP:
0x0198	0x0012      	RETURN      0
; end of _Lcd_Chr_CP
_Div_16x16_S_L:
;__Lib_Math.c,139 :: 		
;__Lib_Math.c,146 :: 		
0x019A	0x3401      	RLCF        R1, 0, 0
;__Lib_Math.c,147 :: 		
0x019C	0x3608      	RLCF        R8, 1, 0
;__Lib_Math.c,148 :: 		
0x019E	0x3609      	RLCF        R9, 1, 0
;__Lib_Math.c,149 :: 		
0x01A0	0x5004      	MOVF        R4, 0, 0
;__Lib_Math.c,150 :: 		
0x01A2	0x5E08      	SUBWF       R8, 1, 0
;__Lib_Math.c,151 :: 		
0x01A4	0x5005      	MOVF        R5, 0, 0
;__Lib_Math.c,152 :: 		
0x01A6	0xA0D8      	BTFSS       STATUS, 0, 0
;__Lib_Math.c,153 :: 		
0x01A8	0x3C05      	INCFSZ      R5, 0, 0
;__Lib_Math.c,154 :: 		
0x01AA	0x5E09      	SUBWF       R9, 1, 0
;__Lib_Math.c,155 :: 		
0x01AC	0x3600      	RLCF        R0, 1, 0
;__Lib_Math.c,156 :: 		
0x01AE	0x3601      	RLCF        R1, 1, 0
;__Lib_Math.c,158 :: 		
0x01B0	0x0E0F      	MOVLW       15
;__Lib_Math.c,159 :: 		
0x01B2	0x6E0C      	MOVWF       R12, 0
;__Lib_Math.c,161 :: 		
0x01B4	0x3401      	RLCF        R1, 0, 0
;__Lib_Math.c,162 :: 		
0x01B6	0x3608      	RLCF        R8, 1, 0
;__Lib_Math.c,163 :: 		
0x01B8	0x3609      	RLCF        R9, 1, 0
;__Lib_Math.c,164 :: 		
0x01BA	0x5004      	MOVF        R4, 0, 0
;__Lib_Math.c,166 :: 		
0x01BC	0xA000      	BTFSS       R0, 0, 0
;__Lib_Math.c,167 :: 		
0x01BE	0xD006      	BRA         $+14
;__Lib_Math.c,168 :: 		
0x01C0	0x5E08      	SUBWF       R8, 1, 0
;__Lib_Math.c,169 :: 		
0x01C2	0x5005      	MOVF        R5, 0, 0
;__Lib_Math.c,170 :: 		
0x01C4	0xA0D8      	BTFSS       STATUS, 0, 0
;__Lib_Math.c,171 :: 		
0x01C6	0x3C05      	INCFSZ      R5, 0, 0
;__Lib_Math.c,172 :: 		
0x01C8	0x5E09      	SUBWF       R9, 1, 0
;__Lib_Math.c,173 :: 		
0x01CA	0xD005      	BRA         $+12
;__Lib_Math.c,175 :: 		
0x01CC	0x2608      	ADDWF       R8, 1, 0
;__Lib_Math.c,176 :: 		
0x01CE	0x5005      	MOVF        R5, 0, 0
;__Lib_Math.c,177 :: 		
0x01D0	0xB0D8      	BTFSC       STATUS, 0, 0
;__Lib_Math.c,178 :: 		
0x01D2	0x3C05      	INCFSZ      R5, 0, 0
;__Lib_Math.c,179 :: 		
0x01D4	0x2609      	ADDWF       R9, 1, 0
;__Lib_Math.c,181 :: 		
0x01D6	0x3600      	RLCF        R0, 1, 0
;__Lib_Math.c,182 :: 		
0x01D8	0x3601      	RLCF        R1, 1, 0
;__Lib_Math.c,184 :: 		
0x01DA	0x2E0C      	DECFSZ      R12, 1, 0
;__Lib_Math.c,185 :: 		
0x01DC	0xD7EB      	BRA         $-40
;__Lib_Math.c,187 :: 		
0x01DE	0xB000      	BTFSC       R0, 0, 0
;__Lib_Math.c,188 :: 		
0x01E0	0xD006      	BRA         $+14
;__Lib_Math.c,189 :: 		
0x01E2	0x5004      	MOVF        R4, 0, 0
;__Lib_Math.c,190 :: 		
0x01E4	0x2608      	ADDWF       R8, 1, 0
;__Lib_Math.c,191 :: 		
0x01E6	0x5005      	MOVF        R5, 0, 0
;__Lib_Math.c,192 :: 		
0x01E8	0xB0D8      	BTFSC       STATUS, 0, 0
;__Lib_Math.c,193 :: 		
0x01EA	0x3C05      	INCFSZ      R5, 0, 0
;__Lib_Math.c,194 :: 		
0x01EC	0x2609      	ADDWF       R9, 1, 0
;__Lib_Math.c,195 :: 		
0x01EE	0x0000      	NOP
;__Lib_Math.c,197 :: 		
L_end_Div_16x16_S_L:
0x01F0	0x0012      	RETURN      0
; end of _Div_16x16_S_L
_ShortToStr:
;__Lib_Conversions.c,117 :: 		
;__Lib_Conversions.c,122 :: 		
0x01F2	0x6A59      	CLRF        ShortToStr_negative_L0 
0x01F4	0x6A5A      	CLRF        ShortToStr_negative_L0+1 
;__Lib_Conversions.c,123 :: 		
0x01F6	0xF05BC054  	MOVFF       FARG_ShortToStr_input, ShortToStr_inbyte_L0
0x01FA	0x0E00      	MOVLW       0
0x01FC	0xBE54      	BTFSC       FARG_ShortToStr_input, 7 
0x01FE	0x0EFF      	MOVLW       255
0x0200	0x6E5C      	MOVWF       ShortToStr_inbyte_L0+1 
;__Lib_Conversions.c,124 :: 		
0x0202	0x0E80      	MOVLW       128
0x0204	0x1854      	XORWF       FARG_ShortToStr_input, 0 
0x0206	0x6E00      	MOVWF       R0 
0x0208	0x0E80      	MOVLW       128
0x020A	0x0A00      	XORLW       0
0x020C	0x5C00      	SUBWF       R0, 0 
0x020E	0xE20A      	BC          L_ShortToStr17
;__Lib_Conversions.c,125 :: 		
0x0210	0x4A59      	INFSNZ      ShortToStr_negative_L0, 1 
0x0212	0x2A5A      	INCF        ShortToStr_negative_L0+1, 1 
;__Lib_Conversions.c,126 :: 		
0x0214	0x5054      	MOVF        FARG_ShortToStr_input, 0 
0x0216	0x0800      	SUBLW       0
0x0218	0x6E5B      	MOVWF       ShortToStr_inbyte_L0 
0x021A	0x6A5C      	CLRF        ShortToStr_inbyte_L0+1 
0x021C	0x0E00      	MOVLW       0
0x021E	0xBE54      	BTFSC       FARG_ShortToStr_input, 7 
0x0220	0x0EFF      	MOVLW       255
0x0222	0x5A5C      	SUBWFB      ShortToStr_inbyte_L0+1, 1 
;__Lib_Conversions.c,127 :: 		
L_ShortToStr17:
;__Lib_Conversions.c,128 :: 		
0x0224	0xF05DC05B  	MOVFF       ShortToStr_inbyte_L0, FARG_ByteToStr_input
0x0228	0xF05EC055  	MOVFF       FARG_ShortToStr_output, FARG_ByteToStr_output
0x022C	0xF05FC056  	MOVFF       FARG_ShortToStr_output+1, FARG_ByteToStr_output+1
0x0230	0xDF36      	RCALL       _ByteToStr
;__Lib_Conversions.c,130 :: 		
0x0232	0x0E04      	MOVLW       4
0x0234	0x6E57      	MOVWF       ShortToStr_i_L0 
0x0236	0x0E00      	MOVLW       0
0x0238	0x6E58      	MOVWF       ShortToStr_i_L0+1 
;__Lib_Conversions.c,131 :: 		
L_ShortToStr18:
0x023A	0x0E00      	MOVLW       0
0x023C	0x6E00      	MOVWF       R0 
0x023E	0x5058      	MOVF        ShortToStr_i_L0+1, 0 
0x0240	0x5C00      	SUBWF       R0, 0 
0x0242	0xE102      	BNZ         L__ShortToStr113
0x0244	0x5057      	MOVF        ShortToStr_i_L0, 0 
0x0246	0x0800      	SUBLW       0
L__ShortToStr113:
0x0248	0xE219      	BC          L_ShortToStr19
;__Lib_Conversions.c,132 :: 		
0x024A	0x5057      	MOVF        ShortToStr_i_L0, 0 
0x024C	0x2455      	ADDWF       FARG_ShortToStr_output, 0 
0x024E	0x6EE1      	MOVWF       FSR1L 
0x0250	0x5058      	MOVF        ShortToStr_i_L0+1, 0 
0x0252	0x2056      	ADDWFC      FARG_ShortToStr_output+1, 0 
0x0254	0x6EE2      	MOVWF       FSR1H 
0x0256	0x0E01      	MOVLW       1
0x0258	0x5C57      	SUBWF       ShortToStr_i_L0, 0 
0x025A	0x6E00      	MOVWF       R0 
0x025C	0x0E00      	MOVLW       0
0x025E	0x5858      	SUBWFB      ShortToStr_i_L0+1, 0 
0x0260	0x6E01      	MOVWF       R1 
0x0262	0x5000      	MOVF        R0, 0 
0x0264	0x2455      	ADDWF       FARG_ShortToStr_output, 0 
0x0266	0x6EE9      	MOVWF       FSR0L 
0x0268	0x5001      	MOVF        R1, 0 
0x026A	0x2056      	ADDWFC      FARG_ShortToStr_output+1, 0 
0x026C	0x6EEA      	MOVWF       FSR0H 
0x026E	0xFFE6CFEE  	MOVFF       POSTINC0, POSTINC1
;__Lib_Conversions.c,133 :: 		
0x0272	0x0E01      	MOVLW       1
0x0274	0x5E57      	SUBWF       ShortToStr_i_L0, 1 
0x0276	0x0E00      	MOVLW       0
0x0278	0x5A58      	SUBWFB      ShortToStr_i_L0+1, 1 
;__Lib_Conversions.c,134 :: 		
0x027A	0xD7DF      	BRA         L_ShortToStr18
L_ShortToStr19:
;__Lib_Conversions.c,135 :: 		
0x027C	0xFFE1C055  	MOVFF       FARG_ShortToStr_output, FSR1L
0x0280	0xFFE2C056  	MOVFF       FARG_ShortToStr_output+1, FSR1H
0x0284	0x0E20      	MOVLW       32
0x0286	0x6EE6      	MOVWF       POSTINC1 
;__Lib_Conversions.c,136 :: 		
0x0288	0x5059      	MOVF        ShortToStr_negative_L0, 0 
0x028A	0x105A      	IORWF       ShortToStr_negative_L0+1, 0 
0x028C	0xE01A      	BZ          L_ShortToStr20
;__Lib_Conversions.c,137 :: 		
0x028E	0x6A57      	CLRF        ShortToStr_i_L0 
0x0290	0x6A58      	CLRF        ShortToStr_i_L0+1 
;__Lib_Conversions.c,138 :: 		
L_ShortToStr21:
0x0292	0x5057      	MOVF        ShortToStr_i_L0, 0 
0x0294	0x2455      	ADDWF       FARG_ShortToStr_output, 0 
0x0296	0x6EE9      	MOVWF       FSR0L 
0x0298	0x5058      	MOVF        ShortToStr_i_L0+1, 0 
0x029A	0x2056      	ADDWFC      FARG_ShortToStr_output+1, 0 
0x029C	0x6EEA      	MOVWF       FSR0H 
0x029E	0x50EE      	MOVF        POSTINC0, 0 
0x02A0	0x0A20      	XORLW       32
0x02A2	0xE103      	BNZ         L_ShortToStr22
;__Lib_Conversions.c,139 :: 		
0x02A4	0x4A57      	INFSNZ      ShortToStr_i_L0, 1 
0x02A6	0x2A58      	INCF        ShortToStr_i_L0+1, 1 
0x02A8	0xD7F4      	BRA         L_ShortToStr21
L_ShortToStr22:
;__Lib_Conversions.c,140 :: 		
0x02AA	0x0E01      	MOVLW       1
0x02AC	0x5E57      	SUBWF       ShortToStr_i_L0, 1 
0x02AE	0x0E00      	MOVLW       0
0x02B0	0x5A58      	SUBWFB      ShortToStr_i_L0+1, 1 
;__Lib_Conversions.c,141 :: 		
0x02B2	0x5057      	MOVF        ShortToStr_i_L0, 0 
0x02B4	0x2455      	ADDWF       FARG_ShortToStr_output, 0 
0x02B6	0x6EE1      	MOVWF       FSR1L 
0x02B8	0x5058      	MOVF        ShortToStr_i_L0+1, 0 
0x02BA	0x2056      	ADDWFC      FARG_ShortToStr_output+1, 0 
0x02BC	0x6EE2      	MOVWF       FSR1H 
0x02BE	0x0E2D      	MOVLW       45
0x02C0	0x6EE6      	MOVWF       POSTINC1 
;__Lib_Conversions.c,142 :: 		
L_ShortToStr20:
;__Lib_Conversions.c,143 :: 		
L_end_ShortToStr:
0x02C2	0x0012      	RETURN      0
; end of _ShortToStr
___CC2DW:
;__Lib_System.c,21 :: 		
;__Lib_System.c,23 :: 		
_CC2DL_Loop1:
;__Lib_System.c,24 :: 		
0x02C4	0x0009      	TBLRD*+
;__Lib_System.c,25 :: 		
0x02C6	0xFFE6CFF5  	MOVFF       TABLAT, POSTINC1
;__Lib_System.c,26 :: 		
0x02CA	0x0600      	DECF        R0, 1, 0
;__Lib_System.c,27 :: 		
0x02CC	0xE1FB      	BNZ         _CC2DL_Loop1
;__Lib_System.c,28 :: 		
0x02CE	0x0601      	DECF        R1, 1, 0
;__Lib_System.c,29 :: 		
0x02D0	0xE1F9      	BNZ         _CC2DL_Loop1
;__Lib_System.c,31 :: 		
L_end___CC2DW:
0x02D2	0x0012      	RETURN      0
; end of ___CC2DW
_init:
;ECET PROJECT.c,24 :: 		void init()   //Initialize Variables and registers
;ECET PROJECT.c,27 :: 		flag = 0;
0x02D4	0x9043      	BCF         _flag, BitPos(_flag+0) 
;ECET PROJECT.c,28 :: 		score = 0;
0x02D6	0x6A44      	CLRF        _score 
;ECET PROJECT.c,29 :: 		trips = 0;
0x02D8	0x6A42      	CLRF        _trips 
;ECET PROJECT.c,30 :: 		fscore = 0;
0x02DA	0x6A3C      	CLRF        _fscore 
;ECET PROJECT.c,31 :: 		ShortToStr(0,txt1);
0x02DC	0x6A54      	CLRF        FARG_ShortToStr_input 
0x02DE	0x0E3D      	MOVLW       _txt1
0x02E0	0x6E55      	MOVWF       FARG_ShortToStr_output 
0x02E2	0x0E00      	MOVLW       hi_addr(_txt1)
0x02E4	0x6E56      	MOVWF       FARG_ShortToStr_output+1 
0x02E6	0xDF85      	RCALL       _ShortToStr
;ECET PROJECT.c,32 :: 		ShortToStr(0,txt2);
0x02E8	0x6A54      	CLRF        FARG_ShortToStr_input 
0x02EA	0x0E45      	MOVLW       _txt2
0x02EC	0x6E55      	MOVWF       FARG_ShortToStr_output 
0x02EE	0x0E00      	MOVLW       hi_addr(_txt2)
0x02F0	0x6E56      	MOVWF       FARG_ShortToStr_output+1 
0x02F2	0xDF7F      	RCALL       _ShortToStr
;ECET PROJECT.c,33 :: 		ShortToStr(0,txt3);
0x02F4	0x6A54      	CLRF        FARG_ShortToStr_input 
0x02F6	0x0E4A      	MOVLW       _txt3
0x02F8	0x6E55      	MOVWF       FARG_ShortToStr_output 
0x02FA	0x0E00      	MOVLW       hi_addr(_txt3)
0x02FC	0x6E56      	MOVWF       FARG_ShortToStr_output+1 
0x02FE	0xDF79      	RCALL       _ShortToStr
;ECET PROJECT.c,36 :: 		ANSELD = 0;
0x0300	0x010F      	MOVLB       15
0x0302	0x6B3B      	CLRF        ANSELD, 1
;ECET PROJECT.c,37 :: 		ANSELB = 0;
0x0304	0x6B39      	CLRF        ANSELB, 1
;ECET PROJECT.c,38 :: 		ANSELC = 0;
0x0306	0x6B3A      	CLRF        ANSELC, 1
;ECET PROJECT.c,39 :: 		ANSELE = 0;
0x0308	0x6B3C      	CLRF        ANSELE, 1
;ECET PROJECT.c,42 :: 		TRISC = 0x00;
0x030A	0x6A94      	CLRF        TRISC 
;ECET PROJECT.c,43 :: 		TRISD = 0x00;
0x030C	0x6A95      	CLRF        TRISD 
;ECET PROJECT.c,44 :: 		TRISE = 0x02;
0x030E	0x0E02      	MOVLW       2
0x0310	0x6E96      	MOVWF       TRISE 
;ECET PROJECT.c,45 :: 		TRISB = 0xC0;
0x0312	0x0EC0      	MOVLW       192
0x0314	0x6E93      	MOVWF       TRISB 
;ECET PROJECT.c,48 :: 		IOCB7_bit = 1;
0x0316	0x8E62      	BSF         IOCB7_bit, BitPos(IOCB7_bit+0) 
;ECET PROJECT.c,49 :: 		IOCB6_bit = 1;
0x0318	0x8C62      	BSF         IOCB6_bit, BitPos(IOCB6_bit+0) 
;ECET PROJECT.c,52 :: 		RBIE_bit = 1;
0x031A	0x86F2      	BSF         RBIE_bit, BitPos(RBIE_bit+0) 
;ECET PROJECT.c,53 :: 		RBIF_bit = 0;
0x031C	0x90F2      	BCF         RBIF_bit, BitPos(RBIF_bit+0) 
;ECET PROJECT.c,54 :: 		GIE_bit = 1;
0x031E	0x8EF2      	BSF         GIE_bit, BitPos(GIE_bit+0) 
;ECET PROJECT.c,57 :: 		LATD = 0x00;
0x0320	0x6A8C      	CLRF        LATD 
;ECET PROJECT.c,58 :: 		PORTC = 0x00;
0x0322	0x6A82      	CLRF        PORTC 
;ECET PROJECT.c,59 :: 		PORTE = 0x00;
0x0324	0x6A84      	CLRF        PORTE 
;ECET PROJECT.c,60 :: 		}
L_end_init:
0x0326	0x0012      	RETURN      0
; end of _init
_Div_16x16_S:
;__Lib_Math.c,200 :: 		
;__Lib_Math.c,208 :: 		
0x0328	0x5004      	MOVF        R4, 0 
0x032A	0x0A00      	XORLW       0
0x032C	0xE108      	BNZ         L_Div_16x16_S0
;__Lib_Math.c,209 :: 		
0x032E	0x5005      	MOVF        R5, 0 
0x0330	0x0A00      	XORLW       0
0x0332	0xE105      	BNZ         L_Div_16x16_S1
;__Lib_Math.c,210 :: 		
0x0334	0x0EFF      	MOVLW       255
0x0336	0x6E00      	MOVWF       R0 
;__Lib_Math.c,211 :: 		
0x0338	0x0E7F      	MOVLW       127
0x033A	0x6E01      	MOVWF       R1 
;__Lib_Math.c,212 :: 		
0x033C	0xD057      	BRA         L_end_Div_16x16_S
;__Lib_Math.c,213 :: 		
L_Div_16x16_S1:
L_Div_16x16_S0:
;__Lib_Math.c,216 :: 		
0x033E	0x6A0D      	CLRF        R13, 0
;__Lib_Math.c,217 :: 		
0x0340	0x6A09      	CLRF        R9, 0
;__Lib_Math.c,218 :: 		
0x0342	0x6A08      	CLRF        R8, 0
;__Lib_Math.c,219 :: 		
0x0344	0x5001      	MOVF        R1, 0, 0
;__Lib_Math.c,220 :: 		
0x0346	0x1000      	IORWF       R0, 0, 0
;__Lib_Math.c,221 :: 		
0x0348	0xB4D8      	BTFSC       STATUS, 2, 0
;__Lib_Math.c,222 :: 		
0x034A	0x0C00      	RETLW       0
;__Lib_Math.c,224 :: 		
0x034C	0x5001      	MOVF        R1, 0, 0
;__Lib_Math.c,225 :: 		
0x034E	0x1805      	XORWF       R5, 0, 0
;__Lib_Math.c,226 :: 		
0x0350	0x6E0A      	MOVWF       R10, 0
;__Lib_Math.c,227 :: 		
0x0352	0xBE0A      	BTFSC       R10, 7, 0
;__Lib_Math.c,228 :: 		
0x0354	0x1E0D      	COMF        R13, 1, 0
;__Lib_Math.c,230 :: 		
0x0356	0x6A0B      	CLRF        R11, 0
;__Lib_Math.c,232 :: 		
0x0358	0xAE05      	BTFSS       R5, 7, 0
;__Lib_Math.c,233 :: 		
0x035A	0xD005      	BRA         $+12
;__Lib_Math.c,235 :: 		
0x035C	0x1E04      	COMF        R4, 1, 0
;__Lib_Math.c,236 :: 		
0x035E	0x1E05      	COMF        R5, 1, 0
;__Lib_Math.c,237 :: 		
0x0360	0x2A04      	INCF        R4, 1, 0
;__Lib_Math.c,238 :: 		
0x0362	0xB4D8      	BTFSC       STATUS, 2, 0
;__Lib_Math.c,239 :: 		
0x0364	0x2A05      	INCF        R5, 1, 0
;__Lib_Math.c,241 :: 		
0x0366	0xAE01      	BTFSS       R1, 7, 0
;__Lib_Math.c,242 :: 		
0x0368	0xD005      	BRA         $+12
;__Lib_Math.c,244 :: 		
0x036A	0x1E00      	COMF        R0, 1, 0
;__Lib_Math.c,245 :: 		
0x036C	0x1E01      	COMF        R1, 1, 0
;__Lib_Math.c,246 :: 		
0x036E	0x2A00      	INCF        R0, 1, 0
;__Lib_Math.c,247 :: 		
0x0370	0xB4D8      	BTFSC       STATUS, 2, 0
;__Lib_Math.c,248 :: 		
0x0372	0x2A01      	INCF        R1, 1, 0
;__Lib_Math.c,250 :: 		
0x0374	0x5001      	MOVF        R1, 0, 0
;__Lib_Math.c,251 :: 		
0x0376	0x1005      	IORWF       R5, 0, 0
;__Lib_Math.c,252 :: 		
0x0378	0x6E0A      	MOVWF       R10, 0
;__Lib_Math.c,253 :: 		
0x037A	0xBE0A      	BTFSC       R10, 7, 0
;__Lib_Math.c,254 :: 		
0x037C	0xD010      	BRA         $+34
;__Lib_Math.c,256 :: 		
0x037E	0xDF0D      	RCALL       _Div_16x16_S_L
;__Lib_Math.c,258 :: 		
0x0380	0xB00B      	BTFSC       R11, 0, 0
;__Lib_Math.c,259 :: 		
0x0382	0xD020      	BRA         $+66
;__Lib_Math.c,261 :: 		
0x0384	0xAE0D      	BTFSS       R13, 7, 0
;__Lib_Math.c,262 :: 		
0x0386	0x0C00      	RETLW       0
;__Lib_Math.c,264 :: 		
0x0388	0x1E00      	COMF        R0, 1, 0
;__Lib_Math.c,265 :: 		
0x038A	0x1E01      	COMF        R1, 1, 0
;__Lib_Math.c,266 :: 		
0x038C	0x2A00      	INCF        R0, 1, 0
;__Lib_Math.c,267 :: 		
0x038E	0xB4D8      	BTFSC       STATUS, 2, 0
;__Lib_Math.c,268 :: 		
0x0390	0x2A01      	INCF        R1, 1, 0
;__Lib_Math.c,270 :: 		
0x0392	0x1E08      	COMF        R8, 1, 0
;__Lib_Math.c,271 :: 		
0x0394	0x1E09      	COMF        R9, 1, 0
;__Lib_Math.c,272 :: 		
0x0396	0x2A08      	INCF        R8, 1, 0
;__Lib_Math.c,273 :: 		
0x0398	0xB4D8      	BTFSC       STATUS, 2, 0
;__Lib_Math.c,274 :: 		
0x039A	0x2A09      	INCF        R9, 1, 0
;__Lib_Math.c,276 :: 		
0x039C	0x0C00      	RETLW       0
;__Lib_Math.c,278 :: 		
0x039E	0xAE05      	BTFSS       R5, 7, 0
;__Lib_Math.c,279 :: 		
0x03A0	0xD00D      	BRA         $+28
;__Lib_Math.c,280 :: 		
0x03A2	0xBE01      	BTFSC       R1, 7, 0
;__Lib_Math.c,281 :: 		
0x03A4	0xD007      	BRA         $+16
;__Lib_Math.c,282 :: 		
0x03A6	0x5001      	MOVF        R1, 0, 0
;__Lib_Math.c,283 :: 		
0x03A8	0x6E09      	MOVWF       R9, 0
;__Lib_Math.c,284 :: 		
0x03AA	0x5000      	MOVF        R0, 0, 0
;__Lib_Math.c,285 :: 		
0x03AC	0x6E08      	MOVWF       R8, 0
;__Lib_Math.c,286 :: 		
0x03AE	0x6A01      	CLRF        R1, 0
;__Lib_Math.c,287 :: 		
0x03B0	0x6A00      	CLRF        R0, 0
;__Lib_Math.c,288 :: 		
0x03B2	0xD7E8      	BRA         $-46
;__Lib_Math.c,289 :: 		
0x03B4	0x6A01      	CLRF        R1, 0
;__Lib_Math.c,290 :: 		
0x03B6	0x6A00      	CLRF        R0, 0
;__Lib_Math.c,291 :: 		
0x03B8	0x2A00      	INCF        R0, 1, 0
;__Lib_Math.c,292 :: 		
0x03BA	0x0C00      	RETLW       0
;__Lib_Math.c,294 :: 		
0x03BC	0x1E01      	COMF        R1, 1, 0
;__Lib_Math.c,295 :: 		
0x03BE	0x1E00      	COMF        R0, 1, 0
;__Lib_Math.c,296 :: 		
0x03C0	0x2A0B      	INCF        R11, 1, 0
;__Lib_Math.c,297 :: 		
0x03C2	0xD7DD      	BRA         $-68
;__Lib_Math.c,299 :: 		
0x03C4	0x2A08      	INCF        R8, 1, 0
;__Lib_Math.c,300 :: 		
0x03C6	0xB4D8      	BTFSC       STATUS, 2, 0
;__Lib_Math.c,301 :: 		
0x03C8	0x2A09      	INCF        R9, 1, 0
;__Lib_Math.c,302 :: 		
0x03CA	0x5004      	MOVF        R4, 0, 0
;__Lib_Math.c,303 :: 		
0x03CC	0x5C08      	SUBWF       R8, 0, 0
;__Lib_Math.c,304 :: 		
0x03CE	0xA4D8      	BTFSS       STATUS, 2, 0
;__Lib_Math.c,305 :: 		
0x03D0	0xD7D9      	BRA         $-76
;__Lib_Math.c,306 :: 		
0x03D2	0x5005      	MOVF        R5, 0, 0
;__Lib_Math.c,307 :: 		
0x03D4	0x5C09      	SUBWF       R9, 0, 0
;__Lib_Math.c,308 :: 		
0x03D6	0xA4D8      	BTFSS       STATUS, 2, 0
;__Lib_Math.c,309 :: 		
0x03D8	0xD7D5      	BRA         $-84
;__Lib_Math.c,310 :: 		
0x03DA	0x6A09      	CLRF        R9, 0
;__Lib_Math.c,311 :: 		
0x03DC	0x6A08      	CLRF        R8, 0
;__Lib_Math.c,312 :: 		
0x03DE	0x2A00      	INCF        R0, 1, 0
;__Lib_Math.c,313 :: 		
0x03E0	0xB4D8      	BTFSC       STATUS, 2, 0
;__Lib_Math.c,314 :: 		
0x03E2	0x2A01      	INCF        R1, 1, 0
;__Lib_Math.c,315 :: 		
0x03E4	0xAE01      	BTFSS       R1, 7, 0
;__Lib_Math.c,316 :: 		
0x03E6	0xD7CE      	BRA         $-98
;__Lib_Math.c,317 :: 		
0x03E8	0x0000      	NOP
;__Lib_Math.c,318 :: 		
0x03EA	0x0CFF      	RETLW       255
;__Lib_Math.c,320 :: 		
L_end_Div_16x16_S:
0x03EC	0x0012      	RETURN      0
; end of _Div_16x16_S
_Lcd_Out:
;__Lib_Lcd.c,184 :: 		
;__Lib_Lcd.c,187 :: 		
0x03EE	0xD00F      	BRA         L_Lcd_Out11
;__Lib_Lcd.c,188 :: 		
L_Lcd_Out13:
0x03F0	0x0E80      	MOVLW       128
0x03F2	0x6E4F      	MOVWF       FARG_Lcd_Out_row 
0x03F4	0xD019      	BRA         L_Lcd_Out12
;__Lib_Lcd.c,189 :: 		
L_Lcd_Out14:
0x03F6	0x0EC0      	MOVLW       192
0x03F8	0x6E4F      	MOVWF       FARG_Lcd_Out_row 
0x03FA	0xD016      	BRA         L_Lcd_Out12
;__Lib_Lcd.c,190 :: 		
L_Lcd_Out15:
0x03FC	0x0E94      	MOVLW       148
0x03FE	0x6E4F      	MOVWF       FARG_Lcd_Out_row 
0x0400	0xD013      	BRA         L_Lcd_Out12
;__Lib_Lcd.c,191 :: 		
L_Lcd_Out16:
0x0402	0x0ED4      	MOVLW       212
0x0404	0x6E4F      	MOVWF       FARG_Lcd_Out_row 
0x0406	0xD010      	BRA         L_Lcd_Out12
;__Lib_Lcd.c,192 :: 		
L_Lcd_Out17:
0x0408	0x0E80      	MOVLW       128
0x040A	0x6E4F      	MOVWF       FARG_Lcd_Out_row 
;__Lib_Lcd.c,193 :: 		
0x040C	0xD00D      	BRA         L_Lcd_Out12
L_Lcd_Out11:
0x040E	0x504F      	MOVF        FARG_Lcd_Out_row, 0 
0x0410	0x0A01      	XORLW       1
0x0412	0xE0EE      	BZ          L_Lcd_Out13
0x0414	0x504F      	MOVF        FARG_Lcd_Out_row, 0 
0x0416	0x0A02      	XORLW       2
0x0418	0xE0EE      	BZ          L_Lcd_Out14
0x041A	0x504F      	MOVF        FARG_Lcd_Out_row, 0 
0x041C	0x0A03      	XORLW       3
0x041E	0xE0EE      	BZ          L_Lcd_Out15
0x0420	0x504F      	MOVF        FARG_Lcd_Out_row, 0 
0x0422	0x0A04      	XORLW       4
0x0424	0xE0EE      	BZ          L_Lcd_Out16
0x0426	0xD7F0      	BRA         L_Lcd_Out17
L_Lcd_Out12:
;__Lib_Lcd.c,194 :: 		
0x0428	0x0450      	DECF        FARG_Lcd_Out_column, 0 
0x042A	0x6E00      	MOVWF       R0 
0x042C	0x504F      	MOVF        FARG_Lcd_Out_row, 0 
0x042E	0x2600      	ADDWF       R0, 1 
0x0430	0xF04FC000  	MOVFF       R0, FARG_Lcd_Out_row
;__Lib_Lcd.c,196 :: 		
0x0434	0xF05DC000  	MOVFF       R0, FARG_Lcd_Cmd_out_char
0x0438	0xDE6C      	RCALL       _Lcd_Cmd
;__Lib_Lcd.c,197 :: 		
0x043A	0x9243      	BCF         __Lib_Lcd_cmd_status, BitPos(__Lib_Lcd_cmd_status+0) 
;__Lib_Lcd.c,198 :: 		
0x043C	0x6A53      	CLRF        Lcd_Out_i_L0 
;__Lib_Lcd.c,199 :: 		
L_Lcd_Out18:
0x043E	0x5053      	MOVF        Lcd_Out_i_L0, 0 
0x0440	0x2451      	ADDWF       FARG_Lcd_Out_text, 0 
0x0442	0x6EE9      	MOVWF       FSR0L 
0x0444	0x0E00      	MOVLW       0
0x0446	0x2052      	ADDWFC      FARG_Lcd_Out_text+1, 0 
0x0448	0x6EEA      	MOVWF       FSR0H 
0x044A	0x52EE      	MOVF        POSTINC0, 1 
0x044C	0xE00B      	BZ          L_Lcd_Out19
;__Lib_Lcd.c,200 :: 		
0x044E	0x5053      	MOVF        Lcd_Out_i_L0, 0 
0x0450	0x2451      	ADDWF       FARG_Lcd_Out_text, 0 
0x0452	0x6EE9      	MOVWF       FSR0L 
0x0454	0x0E00      	MOVLW       0
0x0456	0x2052      	ADDWFC      FARG_Lcd_Out_text+1, 0 
0x0458	0x6EEA      	MOVWF       FSR0H 
0x045A	0xF054CFEE  	MOVFF       POSTINC0, FARG_Lcd_Chr_CP_out_char
0x045E	0xDE97      	RCALL       _Lcd_Chr_CP
0x0460	0x2A53      	INCF        Lcd_Out_i_L0, 1 
0x0462	0xD7ED      	BRA         L_Lcd_Out18
L_Lcd_Out19:
;__Lib_Lcd.c,201 :: 		
0x0464	0x8243      	BSF         __Lib_Lcd_cmd_status, BitPos(__Lib_Lcd_cmd_status+0) 
;__Lib_Lcd.c,202 :: 		
L_end_Lcd_Out:
0x0466	0x0012      	RETURN      0
; end of _Lcd_Out
_Lcd_Init:
;__Lib_Lcd.c,84 :: 		
;__Lib_Lcd.c,86 :: 		
0x0468	0x9A93      	BCF         LCD_EN_Direction, BitPos(LCD_EN_Direction+0) 
;__Lib_Lcd.c,87 :: 		
0x046A	0x9893      	BCF         LCD_RS_Direction, BitPos(LCD_RS_Direction+0) 
;__Lib_Lcd.c,88 :: 		
0x046C	0x9093      	BCF         LCD_D4_Direction, BitPos(LCD_D4_Direction+0) 
;__Lib_Lcd.c,89 :: 		
0x046E	0x9293      	BCF         LCD_D5_Direction, BitPos(LCD_D5_Direction+0) 
;__Lib_Lcd.c,90 :: 		
0x0470	0x9493      	BCF         LCD_D6_Direction, BitPos(LCD_D6_Direction+0) 
;__Lib_Lcd.c,91 :: 		
0x0472	0x9693      	BCF         LCD_D7_Direction, BitPos(LCD_D7_Direction+0) 
;__Lib_Lcd.c,93 :: 		
0x0474	0x9A8A      	BCF         LCD_EN, BitPos(LCD_EN+0) 
;__Lib_Lcd.c,94 :: 		
0x0476	0x988A      	BCF         LCD_RS, BitPos(LCD_RS+0) 
;__Lib_Lcd.c,95 :: 		
0x0478	0x968A      	BCF         LCD_D7, BitPos(LCD_D7+0) 
;__Lib_Lcd.c,96 :: 		
0x047A	0x948A      	BCF         LCD_D6, BitPos(LCD_D6+0) 
;__Lib_Lcd.c,97 :: 		
0x047C	0x928A      	BCF         LCD_D5, BitPos(LCD_D5+0) 
;__Lib_Lcd.c,98 :: 		
0x047E	0x908A      	BCF         LCD_D4, BitPos(LCD_D4+0) 
;__Lib_Lcd.c,100 :: 		
0x0480	0xDDEC      	RCALL       _Delay_5500us
;__Lib_Lcd.c,101 :: 		
0x0482	0xDDEB      	RCALL       _Delay_5500us
;__Lib_Lcd.c,102 :: 		
0x0484	0xDDEA      	RCALL       _Delay_5500us
;__Lib_Lcd.c,105 :: 		
0x0486	0x828A      	BSF         LCD_D5, BitPos(LCD_D5+0) 
;__Lib_Lcd.c,106 :: 		
0x0488	0x808A      	BSF         LCD_D4, BitPos(LCD_D4+0) 
;__Lib_Lcd.c,107 :: 		
0x048A	0x8A8A      	BSF         LCD_EN, BitPos(LCD_EN+0) 
;__Lib_Lcd.c,108 :: 		
0x048C	0xDDF1      	RCALL       _Delay_1us
;__Lib_Lcd.c,109 :: 		
0x048E	0x9A8A      	BCF         LCD_EN, BitPos(LCD_EN+0) 
;__Lib_Lcd.c,110 :: 		
0x0490	0xDDE4      	RCALL       _Delay_5500us
;__Lib_Lcd.c,112 :: 		
0x0492	0x8A8A      	BSF         LCD_EN, BitPos(LCD_EN+0) 
;__Lib_Lcd.c,113 :: 		
0x0494	0xDDED      	RCALL       _Delay_1us
;__Lib_Lcd.c,114 :: 		
0x0496	0x9A8A      	BCF         LCD_EN, BitPos(LCD_EN+0) 
;__Lib_Lcd.c,115 :: 		
0x0498	0xDDE0      	RCALL       _Delay_5500us
;__Lib_Lcd.c,117 :: 		
0x049A	0x8A8A      	BSF         LCD_EN, BitPos(LCD_EN+0) 
;__Lib_Lcd.c,118 :: 		
0x049C	0xDDE9      	RCALL       _Delay_1us
;__Lib_Lcd.c,119 :: 		
0x049E	0x9A8A      	BCF         LCD_EN, BitPos(LCD_EN+0) 
;__Lib_Lcd.c,120 :: 		
0x04A0	0xDDDC      	RCALL       _Delay_5500us
;__Lib_Lcd.c,123 :: 		
0x04A2	0x908A      	BCF         LCD_D4, BitPos(LCD_D4+0) 
;__Lib_Lcd.c,124 :: 		
0x04A4	0x8A8A      	BSF         LCD_EN, BitPos(LCD_EN+0) 
;__Lib_Lcd.c,125 :: 		
0x04A6	0xDDE4      	RCALL       _Delay_1us
;__Lib_Lcd.c,126 :: 		
0x04A8	0x9A8A      	BCF         LCD_EN, BitPos(LCD_EN+0) 
;__Lib_Lcd.c,127 :: 		
0x04AA	0xDDD7      	RCALL       _Delay_5500us
;__Lib_Lcd.c,130 :: 		
0x04AC	0x8A8A      	BSF         LCD_EN, BitPos(LCD_EN+0) 
;__Lib_Lcd.c,131 :: 		
0x04AE	0xDDE0      	RCALL       _Delay_1us
;__Lib_Lcd.c,132 :: 		
0x04B0	0x9A8A      	BCF         LCD_EN, BitPos(LCD_EN+0) 
;__Lib_Lcd.c,134 :: 		
0x04B2	0x928A      	BCF         LCD_D5, BitPos(LCD_D5+0) 
;__Lib_Lcd.c,135 :: 		
0x04B4	0x868A      	BSF         LCD_D7, BitPos(LCD_D7+0) 
;__Lib_Lcd.c,136 :: 		
0x04B6	0x8A8A      	BSF         LCD_EN, BitPos(LCD_EN+0) 
;__Lib_Lcd.c,137 :: 		
0x04B8	0xDDDB      	RCALL       _Delay_1us
;__Lib_Lcd.c,138 :: 		
0x04BA	0x9A8A      	BCF         LCD_EN, BitPos(LCD_EN+0) 
;__Lib_Lcd.c,139 :: 		
0x04BC	0xDDCE      	RCALL       _Delay_5500us
;__Lib_Lcd.c,142 :: 		
0x04BE	0x968A      	BCF         LCD_D7, BitPos(LCD_D7+0) 
;__Lib_Lcd.c,143 :: 		
0x04C0	0x808A      	BSF         LCD_D4, BitPos(LCD_D4+0) 
;__Lib_Lcd.c,144 :: 		
0x04C2	0x8A8A      	BSF         LCD_EN, BitPos(LCD_EN+0) 
;__Lib_Lcd.c,145 :: 		
0x04C4	0xDDD5      	RCALL       _Delay_1us
;__Lib_Lcd.c,146 :: 		
0x04C6	0x9A8A      	BCF         LCD_EN, BitPos(LCD_EN+0) 
;__Lib_Lcd.c,148 :: 		
0x04C8	0x908A      	BCF         LCD_D4, BitPos(LCD_D4+0) 
;__Lib_Lcd.c,149 :: 		
0x04CA	0x8A8A      	BSF         LCD_EN, BitPos(LCD_EN+0) 
;__Lib_Lcd.c,150 :: 		
0x04CC	0xDDD1      	RCALL       _Delay_1us
;__Lib_Lcd.c,151 :: 		
0x04CE	0x9A8A      	BCF         LCD_EN, BitPos(LCD_EN+0) 
;__Lib_Lcd.c,152 :: 		
0x04D0	0xDDC4      	RCALL       _Delay_5500us
;__Lib_Lcd.c,155 :: 		
0x04D2	0x8A8A      	BSF         LCD_EN, BitPos(LCD_EN+0) 
;__Lib_Lcd.c,156 :: 		
0x04D4	0xDDCD      	RCALL       _Delay_1us
;__Lib_Lcd.c,157 :: 		
0x04D6	0x9A8A      	BCF         LCD_EN, BitPos(LCD_EN+0) 
;__Lib_Lcd.c,159 :: 		
0x04D8	0x808A      	BSF         LCD_D4, BitPos(LCD_D4+0) 
;__Lib_Lcd.c,160 :: 		
0x04DA	0x8A8A      	BSF         LCD_EN, BitPos(LCD_EN+0) 
;__Lib_Lcd.c,161 :: 		
0x04DC	0xDDC9      	RCALL       _Delay_1us
;__Lib_Lcd.c,162 :: 		
0x04DE	0x9A8A      	BCF         LCD_EN, BitPos(LCD_EN+0) 
;__Lib_Lcd.c,163 :: 		
0x04E0	0xDDBC      	RCALL       _Delay_5500us
;__Lib_Lcd.c,166 :: 		
0x04E2	0x908A      	BCF         LCD_D4, BitPos(LCD_D4+0) 
;__Lib_Lcd.c,167 :: 		
0x04E4	0x8A8A      	BSF         LCD_EN, BitPos(LCD_EN+0) 
;__Lib_Lcd.c,168 :: 		
0x04E6	0xDDC4      	RCALL       _Delay_1us
;__Lib_Lcd.c,169 :: 		
0x04E8	0x9A8A      	BCF         LCD_EN, BitPos(LCD_EN+0) 
;__Lib_Lcd.c,171 :: 		
0x04EA	0x868A      	BSF         LCD_D7, BitPos(LCD_D7+0) 
;__Lib_Lcd.c,172 :: 		
0x04EC	0x848A      	BSF         LCD_D6, BitPos(LCD_D6+0) 
;__Lib_Lcd.c,173 :: 		
0x04EE	0x828A      	BSF         LCD_D5, BitPos(LCD_D5+0) 
;__Lib_Lcd.c,174 :: 		
0x04F0	0x808A      	BSF         LCD_D4, BitPos(LCD_D4+0) 
;__Lib_Lcd.c,175 :: 		
0x04F2	0x8A8A      	BSF         LCD_EN, BitPos(LCD_EN+0) 
;__Lib_Lcd.c,176 :: 		
0x04F4	0xDDBD      	RCALL       _Delay_1us
;__Lib_Lcd.c,177 :: 		
0x04F6	0x9A8A      	BCF         LCD_EN, BitPos(LCD_EN+0) 
;__Lib_Lcd.c,179 :: 		
0x04F8	0xDDB0      	RCALL       _Delay_5500us
;__Lib_Lcd.c,181 :: 		
0x04FA	0x8243      	BSF         __Lib_Lcd_cmd_status, BitPos(__Lib_Lcd_cmd_status+0) 
;__Lib_Lcd.c,182 :: 		
L_end_Lcd_Init:
0x04FC	0x0012      	RETURN      0
; end of _Lcd_Init
_main:
0x04FE	0xF003EC1B  	CALL        1590, 0
;ECET PROJECT.c,98 :: 		void main() {    //Main function
;ECET PROJECT.c,100 :: 		init(); //Initialize all registers and variables
0x0502	0xDEE8      	RCALL       _init
;ECET PROJECT.c,101 :: 		Lcd_Init();
0x0504	0xDFB1      	RCALL       _Lcd_Init
;ECET PROJECT.c,102 :: 		Lcd_Cmd(_LCD_CLEAR);
0x0506	0x0E01      	MOVLW       1
0x0508	0x6E5D      	MOVWF       FARG_Lcd_Cmd_out_char 
0x050A	0xDE03      	RCALL       _Lcd_Cmd
;ECET PROJECT.c,103 :: 		Lcd_Cmd(_LCD_CURSOR_OFF);
0x050C	0x0E0C      	MOVLW       12
0x050E	0x6E5D      	MOVWF       FARG_Lcd_Cmd_out_char 
0x0510	0xDE00      	RCALL       _Lcd_Cmd
;ECET PROJECT.c,104 :: 		while ( score <= 180 ) //This will loop for 180 seconds, or 3 minutes
L_main7:
0x0512	0x5044      	MOVF        _score, 0 
0x0514	0x08B4      	SUBLW       180
0x0516	0xE345      	BNC         L_main8
;ECET PROJECT.c,106 :: 		Delay_ms(1000); //Wait for one second
0x0518	0x0E0B      	MOVLW       11
0x051A	0x6E0B      	MOVWF       R11, 0
0x051C	0x0E26      	MOVLW       38
0x051E	0x6E0C      	MOVWF       R12, 0
0x0520	0x0E5D      	MOVLW       93
0x0522	0x6E0D      	MOVWF       R13, 0
L_main9:
0x0524	0x2E0D      	DECFSZ      R13, 1, 0
0x0526	0xD7FE      	BRA         L_main9
0x0528	0x2E0C      	DECFSZ      R12, 1, 0
0x052A	0xD7FC      	BRA         L_main9
0x052C	0x2E0B      	DECFSZ      R11, 1, 0
0x052E	0xD7FA      	BRA         L_main9
0x0530	0x0000      	NOP
0x0532	0x0000      	NOP
;ECET PROJECT.c,107 :: 		++score; //Increase the score varaible to signify that more time has been taken
0x0534	0x2A44      	INCF        _score, 1 
;ECET PROJECT.c,108 :: 		ShortToStr(score, txt1);
0x0536	0xF054C044  	MOVFF       _score, FARG_ShortToStr_input
0x053A	0x0E3D      	MOVLW       _txt1
0x053C	0x6E55      	MOVWF       FARG_ShortToStr_output 
0x053E	0x0E00      	MOVLW       hi_addr(_txt1)
0x0540	0x6E56      	MOVWF       FARG_ShortToStr_output+1 
0x0542	0xDE57      	RCALL       _ShortToStr
;ECET PROJECT.c,109 :: 		ShortToStr(trips, txt2);
0x0544	0xF054C042  	MOVFF       _trips, FARG_ShortToStr_input
0x0548	0x0E45      	MOVLW       _txt2
0x054A	0x6E55      	MOVWF       FARG_ShortToStr_output 
0x054C	0x0E00      	MOVLW       hi_addr(_txt2)
0x054E	0x6E56      	MOVWF       FARG_ShortToStr_output+1 
0x0550	0xDE50      	RCALL       _ShortToStr
;ECET PROJECT.c,110 :: 		Lcd_Out(1,1,"Times Broken: ");
0x0552	0x0E01      	MOVLW       1
0x0554	0x6E4F      	MOVWF       FARG_Lcd_Out_row 
0x0556	0x0E01      	MOVLW       1
0x0558	0x6E50      	MOVWF       FARG_Lcd_Out_column 
0x055A	0x0E2D      	MOVLW       ?lstr1_ECET_32PROJECT
0x055C	0x6E51      	MOVWF       FARG_Lcd_Out_text 
0x055E	0x0E00      	MOVLW       hi_addr(?lstr1_ECET_32PROJECT)
0x0560	0x6E52      	MOVWF       FARG_Lcd_Out_text+1 
0x0562	0xDF45      	RCALL       _Lcd_Out
;ECET PROJECT.c,111 :: 		Lcd_Out(1,16, (txt2));
0x0564	0x0E01      	MOVLW       1
0x0566	0x6E4F      	MOVWF       FARG_Lcd_Out_row 
0x0568	0x0E10      	MOVLW       16
0x056A	0x6E50      	MOVWF       FARG_Lcd_Out_column 
0x056C	0x0E45      	MOVLW       _txt2
0x056E	0x6E51      	MOVWF       FARG_Lcd_Out_text 
0x0570	0x0E00      	MOVLW       hi_addr(_txt2)
0x0572	0x6E52      	MOVWF       FARG_Lcd_Out_text+1 
0x0574	0xDF3C      	RCALL       _Lcd_Out
;ECET PROJECT.c,112 :: 		Lcd_Out(2,1,"Time Taken: ");
0x0576	0x0E02      	MOVLW       2
0x0578	0x6E4F      	MOVWF       FARG_Lcd_Out_row 
0x057A	0x0E01      	MOVLW       1
0x057C	0x6E50      	MOVWF       FARG_Lcd_Out_column 
0x057E	0x0E20      	MOVLW       ?lstr2_ECET_32PROJECT
0x0580	0x6E51      	MOVWF       FARG_Lcd_Out_text 
0x0582	0x0E00      	MOVLW       hi_addr(?lstr2_ECET_32PROJECT)
0x0584	0x6E52      	MOVWF       FARG_Lcd_Out_text+1 
0x0586	0xDF33      	RCALL       _Lcd_Out
;ECET PROJECT.c,113 :: 		Lcd_Out(2,13,(txt1));
0x0588	0x0E02      	MOVLW       2
0x058A	0x6E4F      	MOVWF       FARG_Lcd_Out_row 
0x058C	0x0E0D      	MOVLW       13
0x058E	0x6E50      	MOVWF       FARG_Lcd_Out_column 
0x0590	0x0E3D      	MOVLW       _txt1
0x0592	0x6E51      	MOVWF       FARG_Lcd_Out_text 
0x0594	0x0E00      	MOVLW       hi_addr(_txt1)
0x0596	0x6E52      	MOVWF       FARG_Lcd_Out_text+1 
0x0598	0xDF2A      	RCALL       _Lcd_Out
;ECET PROJECT.c,114 :: 		if (flag) //Has the course been completed?
0x059A	0xA043      	BTFSS       _flag, BitPos(_flag+0) 
0x059C	0xD001      	BRA         L_main10
;ECET PROJECT.c,116 :: 		break; //Exit the loop for time, the course has been beaten
0x059E	0xD001      	BRA         L_main8
;ECET PROJECT.c,117 :: 		}
L_main10:
;ECET PROJECT.c,119 :: 		}
0x05A0	0xD7B8      	BRA         L_main7
L_main8:
;ECET PROJECT.c,121 :: 		GIE_bit = 0; //Disable interrupts to prevent from score from decreasing after completion
0x05A2	0x9EF2      	BCF         GIE_bit, BitPos(GIE_bit+0) 
;ECET PROJECT.c,122 :: 		fscore = (180 - score)/trips;
0x05A4	0x5044      	MOVF        _score, 0 
0x05A6	0x08B4      	SUBLW       180
0x05A8	0x6E00      	MOVWF       R0 
0x05AA	0x6A01      	CLRF        R1 
0x05AC	0x0E00      	MOVLW       0
0x05AE	0x5A01      	SUBWFB      R1, 1 
0x05B0	0xF004C042  	MOVFF       _trips, R4
0x05B4	0x0E00      	MOVLW       0
0x05B6	0x6E05      	MOVWF       R5 
0x05B8	0xDEB7      	RCALL       _Div_16x16_S
0x05BA	0xF03CC000  	MOVFF       R0, _fscore
;ECET PROJECT.c,124 :: 		ShortToStr(fscore, txt3);
0x05BE	0xF054C000  	MOVFF       R0, FARG_ShortToStr_input
0x05C2	0x0E4A      	MOVLW       _txt3
0x05C4	0x6E55      	MOVWF       FARG_ShortToStr_output 
0x05C6	0x0E00      	MOVLW       hi_addr(_txt3)
0x05C8	0x6E56      	MOVWF       FARG_ShortToStr_output+1 
0x05CA	0xDE13      	RCALL       _ShortToStr
;ECET PROJECT.c,126 :: 		while (1) //Keep the program running to display the score
L_main11:
;ECET PROJECT.c,128 :: 		PORTC = (180 - score) / trips; //Display the score.
0x05CC	0x5044      	MOVF        _score, 0 
0x05CE	0x08B4      	SUBLW       180
0x05D0	0x6E00      	MOVWF       R0 
0x05D2	0x6A01      	CLRF        R1 
0x05D4	0x0E00      	MOVLW       0
0x05D6	0x5A01      	SUBWFB      R1, 1 
0x05D8	0xF004C042  	MOVFF       _trips, R4
0x05DC	0x0E00      	MOVLW       0
0x05DE	0x6E05      	MOVWF       R5 
0x05E0	0xDEA3      	RCALL       _Div_16x16_S
0x05E2	0xFF82C000  	MOVFF       R0, PORTC
;ECET PROJECT.c,129 :: 		PORTD = trips; //Display the beaks
0x05E6	0xFF83C042  	MOVFF       _trips, PORTD
;ECET PROJECT.c,130 :: 		Lcd_Out(3,1,"Score: ");
0x05EA	0x0E03      	MOVLW       3
0x05EC	0x6E4F      	MOVWF       FARG_Lcd_Out_row 
0x05EE	0x0E01      	MOVLW       1
0x05F0	0x6E50      	MOVWF       FARG_Lcd_Out_column 
0x05F2	0x0E18      	MOVLW       ?lstr3_ECET_32PROJECT
0x05F4	0x6E51      	MOVWF       FARG_Lcd_Out_text 
0x05F6	0x0E00      	MOVLW       hi_addr(?lstr3_ECET_32PROJECT)
0x05F8	0x6E52      	MOVWF       FARG_Lcd_Out_text+1 
0x05FA	0xDEF9      	RCALL       _Lcd_Out
;ECET PROJECT.c,131 :: 		Lcd_Out(3,8,txt3);
0x05FC	0x0E03      	MOVLW       3
0x05FE	0x6E4F      	MOVWF       FARG_Lcd_Out_row 
0x0600	0x0E08      	MOVLW       8
0x0602	0x6E50      	MOVWF       FARG_Lcd_Out_column 
0x0604	0x0E4A      	MOVLW       _txt3
0x0606	0x6E51      	MOVWF       FARG_Lcd_Out_text 
0x0608	0x0E00      	MOVLW       hi_addr(_txt3)
0x060A	0x6E52      	MOVWF       FARG_Lcd_Out_text+1 
0x060C	0xDEF0      	RCALL       _Lcd_Out
;ECET PROJECT.c,132 :: 		}
0x060E	0xD7DE      	BRA         L_main11
;ECET PROJECT.c,135 :: 		}
L_end_main:
0x0610	0xD7FF      	BRA         $+0
; end of _main
0x0636	0xF018EE10  	LFSR        1, 24
0x063A	0x0E24      	MOVLW       36
0x063C	0x6E00      	MOVWF       R0 
0x063E	0x0E01      	MOVLW       1
0x0640	0x6E01      	MOVWF       R1 
0x0642	0x0E12      	MOVLW       18
0x0644	0x6EF6      	MOVWF       4086 
0x0646	0x0E06      	MOVLW       6
0x0648	0x6EF7      	MOVWF       TBLPTRH 
0x064A	0x0E00      	MOVLW       0
0x064C	0x6EF8      	MOVWF       TBLPTRU 
0x064E	0xF001EC62  	CALL        708, 0
0x0652	0x0012      	RETURN      0
;ECET PROJECT.c,0 :: ?ICS?lstr3_ECET_32PROJECT
0x0612	0x6353 ;?ICS?lstr3_ECET_32PROJECT+0
0x0614	0x726F ;?ICS?lstr3_ECET_32PROJECT+2
0x0616	0x3A65 ;?ICS?lstr3_ECET_32PROJECT+4
0x0618	0x0020 ;?ICS?lstr3_ECET_32PROJECT+6
; end of ?ICS?lstr3_ECET_32PROJECT
;ECET PROJECT.c,0 :: ?ICS?lstr2_ECET_32PROJECT
0x061A	0x6954 ;?ICS?lstr2_ECET_32PROJECT+0
0x061C	0x656D ;?ICS?lstr2_ECET_32PROJECT+2
0x061E	0x5420 ;?ICS?lstr2_ECET_32PROJECT+4
0x0620	0x6B61 ;?ICS?lstr2_ECET_32PROJECT+6
0x0622	0x6E65 ;?ICS?lstr2_ECET_32PROJECT+8
0x0624	0x203A ;?ICS?lstr2_ECET_32PROJECT+10
0x0626	0x00 ;?ICS?lstr2_ECET_32PROJECT+12
; end of ?ICS?lstr2_ECET_32PROJECT
;ECET PROJECT.c,0 :: ?ICS?lstr1_ECET_32PROJECT
0x0627	0x6954 ;?ICS?lstr1_ECET_32PROJECT+0
0x0629	0x656D ;?ICS?lstr1_ECET_32PROJECT+2
0x062B	0x2073 ;?ICS?lstr1_ECET_32PROJECT+4
0x062D	0x7242 ;?ICS?lstr1_ECET_32PROJECT+6
0x062F	0x6B6F ;?ICS?lstr1_ECET_32PROJECT+8
0x0631	0x6E65 ;?ICS?lstr1_ECET_32PROJECT+10
0x0633	0x203A ;?ICS?lstr1_ECET_32PROJECT+12
0x0635	0x00 ;?ICS?lstr1_ECET_32PROJECT+14
; end of ?ICS?lstr1_ECET_32PROJECT
Symbol List:
//** Routines locations **
//ADDRESS    SIZE    PROCEDURE
//----------------------------------------------
0x0008      [82]    _interrupt
0x005A      [22]    _Delay_5500us
0x0070       [6]    _Delay_1us
0x0076      [10]    _Delay_50us
0x0080      [30]    _Div_8x8_U
0x009E     [116]    _ByteToStr
0x0112     [124]    _Lcd_Cmd
0x018E      [12]    _Lcd_Chr_CP
0x019A      [88]    _Div_16x16_S_L
0x01F2     [210]    _ShortToStr
0x02C4      [16]    ___CC2DW
0x02D4      [84]    _init
0x0328     [198]    _Div_16x16_S
0x03EE     [122]    _Lcd_Out
0x0468     [150]    _Lcd_Init
0x04FE     [276]    _main
//** Variables locations ** 
//ADDRESS    SIZE    VARIABLE
//----------------------------------------------
0x0000       [1]    EEPROM_Write_SaveINTCON_L0
0x0000       [1]    R0
0x0000       [1]    SPI2_Write_tmp_L0
0x0000       [1]    FLASH_Erase_64_SaveINTCON_L0
0x0000       [1]    UART2_Init_tmp_L0
0x0000       [1]    __Lib_SoftI2C_PutZerosToLATSda_temp_sda_L0
0x0000       [1]    SPI1_Write_tmp_L0
0x0000       [1]    __Lib_SoftI2C_PutZerosToLATScl_temp_scl_L0
0x0000       [1]    UART1_Init_tmp_L0
0x0001       [1]    R1
0x0001       [1]    __Lib_PS2_Wait_Falling_nsample_L0
0x0001       [1]    __Lib_TFT_JPEG_FileReadBytes_Result_L0
0x0001       [1]    FLASH_Erase_Write_64_i_L0
0x0001       [1]    FLASH_Write_64_i_L0
0x0001       [1]    ispunct_rslt_L0
0x0001       [1]    UART1_Read___tmp_UART1_Read_L0
0x0001       [1]    I2C2_Rd_tmp_L0
0x0001       [1]    I2C1_Rd_tmp_L0
0x0001       [1]    __Lib_TFT_JPEG_FileRead_i_L0
0x0001       [1]    __Lib_TFT_16bit_JPEG_FileReadBytes_Result_L0
0x0001       [1]    UART2_Read___tmp_UART2_Read_L0
0x0001       [1]    __Lib_TFT_16bit_JPEG_FileRead_i_L0
0x0001       [2]    FLASH_Read_N_Bytes_i_L0
0x0002       [2]    memchr_s_L0
0x0002       [1]    FLASH_Erase_Write_64_j_L0
0x0002       [2]    strlen_cp_L0
0x0002       [2]    memcpy_dd_L0
0x0002       [1]    R2
0x0002       [2]    memset_pp_L0
0x0002       [1]    FLASH_Write_64_SaveINTCON_L0
0x0003       [1]    MM_Init_i_L0
0x0003       [2]    MM_TotalFreeMemSize_Tot_L0
0x0003       [1]    R3
0x0003       [2]    __Lib_MmcFat16_f16_toInt_l_L0
0x0003       [2]    memmove_tt_L0
0x0003       [2]    Ltrim_original_L0
0x0003       [1]    FLASH_Erase_Write_64_SaveINTCON_L0
0x0004       [2]    strncat_cp_L0
0x0004       [2]    strncpy_cp_L0
0x0004       [2]    strcpy_cp_L0
0x0004       [1]    R4
0x0004       [2]    frexp_pom_L0
0x0004       [2]    __Lib_MemManager_MM_GetMemAlign_P_L0
0x0004       [2]    strcat_cp_L0
0x0004       [2]    memcpy_ss_L0
0x0005       [1]    MM_TotalFreeMemSize_i_L0
0x0005       [2]    Ltrim_p_L0
0x0005       [1]    R5
0x0005       [2]    LongWordToHex_input_half_L0
0x0005       [2]    LongIntToHex_input_half_L0
0x0005       [2]    memmove_ff_L0
0x0006       [1]    R6
0x0006       [1]    __Lib_MemManager_MM_GetMemAlign_i_L0
0x0007       [1]    __Lib_TFT_16bit_JPEG_GenerateHuffmanTables_bLength_L0
0x0007       [1]    R7
0x0007       [1]    __Lib_TFT_JPEG_GenerateHuffmanTables_bLength_L0
0x0008       [1]    __Lib_TFT_JPEG_GenerateHuffmanTables_bTable_L0
0x0008       [1]    R8
0x0008       [1]    __Lib_TFT_16bit_JPEG_GenerateHuffmanTables_bTable_L0
0x0009       [4]    __Lib_MmcFat16_f16_toLong_l_L0
0x0009       [1]    R9
0x000A       [1]    R10
0x000B       [1]    R11
0x000C       [1]    R12
0x000D       [1]    R13
0x000E       [1]    R14
0x000F       [1]    R15
0x0010       [1]    R16
0x0011       [1]    R17
0x0012       [1]    R18
0x0013       [1]    R19
0x0014       [1]    R20
0x0018       [8]    ?lstr3_ECET_32PROJECT
0x0020      [13]    ?lstr2_ECET_32PROJECT
0x002D      [15]    ?lstr1_ECET_32PROJECT
0x003C       [1]    _fscore
0x003D       [5]    _txt1
0x0042       [1]    _trips
0x0043       [0]    _flag
0x0043       [0]    __Lib_Lcd_cmd_status
0x0044       [1]    _score
0x0045       [5]    _txt2
0x004A       [5]    _txt3
0x004F       [1]    FARG_Lcd_Out_row
0x0050       [1]    FARG_Lcd_Out_column
0x0051       [2]    FARG_Lcd_Out_text
0x0053       [1]    Lcd_Out_i_L0
0x0054       [1]    FARG_Lcd_Chr_CP_out_char
0x0054       [1]    FARG_ShortToStr_input
0x0055       [2]    FARG_ShortToStr_output
0x0057       [2]    ShortToStr_i_L0
0x0059       [2]    ShortToStr_negative_L0
0x005B       [2]    ShortToStr_inbyte_L0
0x005D       [1]    FARG_ByteToStr_input
0x005D       [1]    FARG_Lcd_Cmd_out_char
0x005E       [2]    FARG_ByteToStr_output
0x0060       [1]    ByteToStr_DigitPos_L0
0x0061       [2]    FLOC__ByteToStr
0x0F39       [1]    ANSELB
0x0F3A       [1]    ANSELC
0x0F3B       [1]    ANSELD
0x0F3C       [1]    ANSELE
0x0F62       [0]    IOCB7_bit
0x0F62       [0]    IOCB6_bit
0x0F81       [1]    PORTB
0x0F82       [1]    PORTC
0x0F83       [1]    PORTD
0x0F84       [1]    PORTE
0x0F8A       [0]    LATB2_bit
0x0F8A       [0]    LATB3_bit
0x0F8A       [0]    LCD_D5
0x0F8A       [0]    LCD_D4
0x0F8A       [0]    LCD_EN
0x0F8A       [0]    LATB4_bit
0x0F8A       [0]    LATB5_bit
0x0F8A       [0]    LCD_D6
0x0F8A       [0]    LCD_D7
0x0F8A       [0]    LATB1_bit
0x0F8A       [0]    LATB0_bit
0x0F8A       [0]    LCD_RS
0x0F8C       [1]    LATD
0x0F93       [0]    TRISB3_bit
0x0F93       [0]    LCD_EN_Direction
0x0F93       [0]    LCD_D4_Direction
0x0F93       [0]    LCD_RS_Direction
0x0F93       [0]    TRISB0_bit
0x0F93       [0]    TRISB1_bit
0x0F93       [0]    TRISB2_bit
0x0F93       [0]    TRISB4_bit
0x0F93       [1]    TRISB
0x0F93       [0]    LCD_D7_Direction
0x0F93       [0]    LCD_D5_Direction
0x0F93       [0]    LCD_D6_Direction
0x0F93       [0]    TRISB5_bit
0x0F94       [1]    TRISC
0x0F95       [1]    TRISD
0x0F96       [1]    TRISE
0x0FD8       [1]    STATUS
0x0FD9       [1]    FSR2L
0x0FDA       [1]    FSR2H
0x0FDE       [1]    POSTINC2
0x0FE0       [1]    BSR
0x0FE1       [1]    FSR1L
0x0FE2       [1]    FSR1H
0x0FE4       [1]    PREINC1
0x0FE6       [1]    POSTINC1
0x0FE7       [1]    INDF1
0x0FE8       [1]    WREG
0x0FE9       [1]    FSR0L
0x0FEA       [1]    FSR0H
0x0FEE       [1]    POSTINC0
0x0FF2       [0]    RBIF_bit
0x0FF2       [0]    RBIE_bit
0x0FF2       [0]    GIE_bit
0x0FF3       [1]    PRODL
0x0FF4       [1]    PRODH
0x0FF5       [1]    TABLAT
0x0FF6       [1]    TBLPTRL
0x0FF7       [1]    TBLPTRH
0x0FF8       [1]    TBLPTRU
//** Constants locations ** 
//ADDRESS    SIZE    CONSTANT
//----------------------------------------------
0x0612       [8]    ?ICS?lstr3_ECET_32PROJECT
0x061A      [13]    ?ICS?lstr2_ECET_32PROJECT
0x0627      [15]    ?ICS?lstr1_ECET_32PROJECT
//** Label List: ** 
//----------------------------------------------
  L_interrupt0
  L_interrupt1
  L_interrupt2
  L_interrupt3
  L_interrupt4
  L_interrupt5
  L_interrupt6
  L_main7
  L_main8
  L_main9
  L_main10
  L_main11
  L_main12
  L_end_init
  _init
  L_end_interrupt
  _interrupt
  L__interrupt15
  L_end_main
  _main
  L_ByteToStr0
  L_ByteToStr1
  L_ByteToStr2
  L_ByteToStr3
  L_ByteToStr4
  L_ByteToStr5
  L_WordToStr6
  L_WordToStr7
  L_WordToStr8
  L_WordToStr9
  L_WordToStr10
  L_WordToStr11
  L_WordToStrWithZeros12
  L_WordToStrWithZeros13
  L_WordToStrWithZeros14
  L_WordToStrWithZeros15
  L_WordToStrWithZeros16
  L_ShortToStr17
  L_ShortToStr18
  L_ShortToStr19
  L_ShortToStr20
  L_ShortToStr21
  L_ShortToStr22
  L_IntToStr23
  L_IntToStr24
  L_IntToStr25
  L_IntToStr26
  L_IntToStr27
  L_IntToStr28
  L_IntToStrWithZeros29
  L_IntToStrWithZeros30
  L_IntToStrWithZeros31
  L_IntToStrWithZeros32
  L_IntToStrWithZeros33
  L_IntToStrWithZeros34
  L_IntToStrWithZeros35
  L_IntToStrWithZeros36
  L_IntToStrWithZeros37
  L_LongWordToStr38
  L_LongWordToStr39
  L_LongWordToStr40
  L_LongWordToStr41
  L_LongWordToStr42
  L_LongWordToStr43
  L_LongWordToStrWithZeros44
  L_LongWordToStrWithZeros45
  L_LongWordToStrWithZeros46
  L_LongWordToStrWithZeros47
  L_LongWordToStrWithZeros48
  L_LongToStr49
  L_LongToStr50
  L_LongToStr51
  L_LongToStr52
  L_LongToStr53
  L_LongToStr54
  L_LongIntToStrWithZeros55
  L_LongIntToStrWithZeros56
  L_LongIntToStrWithZeros57
  L_LongIntToStrWithZeros58
  L_LongIntToStrWithZeros59
  L_LongIntToStrWithZeros60
  L_LongIntToStrWithZeros61
  L_LongIntToStrWithZeros62
  L_LongIntToStrWithZeros63
  L_Dec2Bcd64
  L_Dec2Bcd65
  L_Rtrim66
  L_Rtrim67
  L_Rtrim68
  L_Rtrim69
  L_Ltrim70
  L_Ltrim71
  L_Ltrim72
  L_Ltrim73
  L_Ltrim74
  L_Ltrim75
  L_FloatToStr76
  L_FloatToStr77
  L_FloatToStr78
  L_FloatToStr79
  L_FloatToStr80
  L_FloatToStr81
  L_FloatToStr82
  L_FloatToStr83
  L_FloatToStr84
  L_FloatToStr85
  L_FloatToStr86
  L_FloatToStr87
  L_FloatToStr88
  L_FloatToStr89
  L_FloatToStr90
  L_FloatToStr91
  L_FloatToStr92
  L_FloatToStr93
  L_FloatToStr94
  L_FloatToStr95
  L_FloatToStr96
  L_FloatToStr97
  L__Rtrim98
  L__Ltrim99
  L__FloatToStr100
  L_end_ByteToHex
  _ByteToHex
  L_end_ShortToHex
  _ShortToHex
  L_end_WordToHex
  _WordToHex
  L_end_IntToHex
  _IntToHex
  L_end_LongWordToHex
  _LongWordToHex
  L_end_LongIntToHex
  _LongIntToHex
  L_end_ByteToStr
  _ByteToStr
  L_end_WordToStr
  _WordToStr
  L__WordToStr109
  L_end_WordToStrWithZeros
  _WordToStrWithZeros
  L__WordToStrWithZeros111
  L_end_ShortToStr
  _ShortToStr
  L__ShortToStr113
  L_end_IntToStr
  _IntToStr
  L__IntToStr115
  L__IntToStr116
  L_end_IntToStrWithZeros
  _IntToStrWithZeros
  L__IntToStrWithZeros118
  L__IntToStrWithZeros119
  L__IntToStrWithZeros120
  L_end_LongWordToStr
  _LongWordToStr
  L__LongWordToStr122
  L__LongWordToStr123
  L_end_LongWordToStrWithZeros
  _LongWordToStrWithZeros
  L__LongWordToStrWithZeros125
  L_end_LongToStr
  _LongToStr
  L__LongToStr127
  L__LongToStr128
  L_end_LongIntToStrWithZeros
  _LongIntToStrWithZeros
  L__LongIntToStrWithZeros130
  L__LongIntToStrWithZeros131
  L__LongIntToStrWithZeros132
  L_end_Dec2Bcd
  _Dec2Bcd
  L_end_Bcd2Dec
  _Bcd2Dec
  L_end_Bcd2Dec16
  _Bcd2Dec16
  L__Bcd2Dec16136
  L__Bcd2Dec16137
  L_end_Dec2Bcd16
  _Dec2Bcd16
  L__Dec2Bcd16139
  L__Dec2Bcd16140
  L_end_Rtrim
  _Rtrim
  L__Rtrim142
  L_end_Ltrim
  _Ltrim
  L_end_FloatToStr
  _FloatToStr
  L__FloatToStr145
  L__FloatToStr146
  L__FloatToStr147
  L__FloatToStr148
  L__FloatToStr149
  L_Delay_10us0
  L_Delay_22us1
  L_Delay_50us2
  L_Delay_80us3
  L_Delay_500us4
  L_Delay_5500us5
  L_Delay_1ms6
  L_Delay_5ms7
  L_Delay_8ms8
  L_Delay_100ms9
  L_Delay_10ms10
  L_Delay_1sec11
  L____Boot_Delay4k12
  L____Boot_Delay8k13
  L____Boot_Delay12k14
  L____Boot_Delay16k15
  L____Boot_Delay24k16
  L____Boot_Delay32k17
  L____Boot_Delay48k18
  L____Boot_Delay64k19
  L____Boot_Delay128k20
  L_Delay_Cyc21
  L_Delay_Cyc22
  L_VDelay_ms23
  L_VDelay_ms24
  L_VDelay_ms25
  L_VDelay_Advanced_ms26
  L_VDelay_Advanced_ms27
  L_VDelay_Advanced_ms28
  L_end_Get_Fosc_kHz
  _Get_Fosc_kHz
  L_end_Delay_1us
  _Delay_1us
  L_end_Delay_10us
  _Delay_10us
  L_end_Delay_22us
  _Delay_22us
  L_end_Delay_50us
  _Delay_50us
  L_end_Delay_80us
  _Delay_80us
  L_end_Delay_500us
  _Delay_500us
  L_end_Delay_5500us
  _Delay_5500us
  L_end_Delay_1ms
  _Delay_1ms
  L_end_Delay_5ms
  _Delay_5ms
  L_end_Delay_8ms
  _Delay_8ms
  L_end_Delay_100ms
  _Delay_100ms
  L_end_Delay_10ms
  _Delay_10ms
  L_end_Delay_1sec
  _Delay_1sec
  L_end____Boot_Delay4k
  ____Boot_Delay4k
  L_end____Boot_Delay8k
  ____Boot_Delay8k
  L_end____Boot_Delay12k
  ____Boot_Delay12k
  L_end____Boot_Delay16k
  ____Boot_Delay16k
  L_end____Boot_Delay24k
  ____Boot_Delay24k
  L_end____Boot_Delay32k
  ____Boot_Delay32k
  L_end____Boot_Delay48k
  ____Boot_Delay48k
  L_end____Boot_Delay64k
  ____Boot_Delay64k
  L_end____Boot_Delay128k
  ____Boot_Delay128k
  L_end_Delay_Cyc
  _Delay_Cyc
  L_end_VDelay_ms
  _VDelay_ms
  L__VDelay_ms54
  L__VDelay_ms55
  L__VDelay_ms56
  L_end_VDelay_Advanced_ms
  _VDelay_Advanced_ms
  L__VDelay_Advanced_ms58
  L__VDelay_Advanced_ms59
  L__VDelay_Advanced_ms60
  L_Lcd_Cmd0
  L_Lcd_Cmd1
  L_Lcd_Out_CP2
  L_Lcd_Out_CP3
  L_Lcd_Chr4
  L_Lcd_Chr5
  L_Lcd_Chr6
  L_Lcd_Chr7
  L_Lcd_Chr8
  L_Lcd_Chr9
  L_Lcd_Chr10
  L_Lcd_Out11
  L_Lcd_Out12
  L_Lcd_Out13
  L_Lcd_Out14
  L_Lcd_Out15
  L_Lcd_Out16
  L_Lcd_Out17
  L_Lcd_Out18
  L_Lcd_Out19
  L_end_Lcd_Cmd
  _Lcd_Cmd
  L__Lcd_Cmd21
  L__Lcd_Cmd22
  L__Lcd_Cmd23
  L__Lcd_Cmd24
  L__Lcd_Cmd25
  L__Lcd_Cmd26
  L__Lcd_Cmd27
  L__Lcd_Cmd28
  L__Lcd_Cmd29
  L__Lcd_Cmd30
  L__Lcd_Cmd31
  L__Lcd_Cmd32
  L__Lcd_Cmd33
  L__Lcd_Cmd34
  L__Lcd_Cmd35
  L__Lcd_Cmd36
  L__Lcd_Cmd37
  L__Lcd_Cmd38
  L__Lcd_Cmd39
  L__Lcd_Cmd40
  L_end_Lcd_Chr_CP
  _Lcd_Chr_CP
  L_end_Lcd_Out_CP
  _Lcd_Out_CP
  L_end_Lcd_Chr
  _Lcd_Chr
  L_end_Lcd_Init
  _Lcd_Init
  L_end_Lcd_Out
  _Lcd_Out
  L_Div_16x16_S0
  L_Div_16x16_S1
  LOOPS3232A
  SADD22LA
  SOK22LA
  SADD22L8
  SOK22L8
  LOOPS3232B
  SADD22LB
  SOK22LB
  SADD22L16
  SOK22L16
  LOOPS3232C
  SADD22LC
  SOK22LC
  SADD22L24
  SOK22L24
  LOOPS3232D
  SADD22LD
  SOK22LD
  SOK22L
  L_Div_32x32_S6
  L_Div_32x32_S7
  L_Div_32x32_S8
  L_Div_32x32_S9
  FXD3232S
  END_ALL
  CA3232S
  C3232SX
  C3232SX1
  C3232S
  C3232S2
  C3232SX4
  C3232SOK
  C3232SX3
  C3232SX2
  avoid_comfrem
  LOOPU3232A
  UADD22LA
  UOK22LA
  UADD22L8
  UOK22L8
  LOOPU3232B
  UADD22LB
  UOK22LB
  UADD22L16
  UOK22L16
  LOOPU3232C
  UADD22LC
  UOK22LC
  UADD22L24
  UOK22L24
  LOOPU3232D
  UADD22LD
  UOK22LD
  UOK22L
  _NEXT
  _EXIT2
  _LOOP
  _EXIT1
  _IF_FIRST
  _IF_SECOND
  _INVERCE_FIRST
  _MULT
  _INBERSE_SECOND
  _EXIT
  L_end_Div_8x8_U
  _Div_8x8_U
  L_end_Div_16x16_U
  _Div_16x16_U
  L_end_Div_16x16_S_L
  _Div_16x16_S_L
  L_end_Div_16x16_S
  _Div_16x16_S
  L_end_Div_8x8_S
  _Div_8x8_S
  L_end_Mul_8x8_S
  _Mul_8x8_S
  L_end_Mul_16x16_U
  _Mul_16x16_U
  L_end_Mul_16x16_S
  _Mul_16x16_S
  L_end_SDIV3232L
  _SDIV3232L
  L_end_COMFREM
  _COMFREM
  L_end_Div_32x32_S
  _Div_32x32_S
  L_end_Div_32x32_U
  _Div_32x32_U
  L_end_Mul_32x32_U
  _Mul_32x32_U
  L_end_Mul_32x32_S
  _Mul_32x32_S
  _CC2D_Loop1
  _CC2DL_Loop1
  L_loopCA2AWs
  L_loopCCA2AWs
  L_loopCS2Ss
  L_CS2Send
  L_loopCCS2Ss
  L_CCS2Send
  L_loopFZinSWs
  L_longjmp7
  L_end___CC2D
  ___CC2D
  L_end___CC2DW
  ___CC2DW
  L_end___CA2AW
  ___CA2AW
  L_end___CCA2AW
  ___CCA2AW
  L_end___CS2S
  ___CS2S
  L_end___CCS2S
  ___CCS2S
  L_end___FZinS
  ___FZinS
  L_end_____DoIFC
  _____DoIFC
  L_end_Swap
  _Swap
  L_end_setjmp
  _setjmp
  L_end_longjmp
  _longjmp
  L_interrupt0
  L_interrupt1
  L_interrupt2
  L_interrupt3
  L_interrupt4
  L_interrupt5
  L_interrupt6
  L_main7
  L_main8
  L_main9
  L_main10
  L_main11
  L_main12
  L_end_init
  _init
  L_end_interrupt
  _interrupt
  L__interrupt15
  L_end_main
  _main
