Build started 10/29/2014 3:49:58 PM.
     1>Project "C:\Users\Joe\Documents\GitHub\My-Projects\DisAssembler\DisAssembler\DisAssembler.vcxproj" on node 2 (Build target(s)).
     1>ClCompile:
         C:\Program Files (x86)\Microsoft Visual Studio 12.0\VC\bin\CL.exe /c /ZI /nologo /W3 /WX- /Od /Oy- /D WIN32 /D _DEBUG /D _CONSOLE /D _LIB /D _UNICODE /D UNICODE /Gm /EHsc /RTC1 /MDd /GS /fp:precise /Zc:wchar_t /Zc:forScope /Fo"Debug\\" /Fd"Debug\vc120.pdb" /Gd /TP /analyze- /errorReport:prompt DisAssembler.cpp Main.cpp
         DisAssembler.cpp
     1>c:\users\joe\documents\github\my-projects\disassembler\disassembler\disassembler.cpp(53): warning C4244: '+=' : conversion from 'double' to 'int', possible loss of data
     1>c:\users\joe\documents\github\my-projects\disassembler\disassembler\disassembler.cpp(56): warning C4258: 'i' : definition from the for loop is ignored; the definition from the enclosing scope is used
                 c:\users\joe\documents\github\my-projects\disassembler\disassembler\disassembler.cpp(51) : definition of 'i' ignored
                 c:\users\joe\documents\github\my-projects\disassembler\disassembler\disassembler.cpp(47) : definition of 'i' used
     1>c:\users\joe\documents\github\my-projects\disassembler\disassembler\disassembler.cpp(57): warning C4258: 'i' : definition from the for loop is ignored; the definition from the enclosing scope is used
                 c:\users\joe\documents\github\my-projects\disassembler\disassembler\disassembler.cpp(51) : definition of 'i' ignored
                 c:\users\joe\documents\github\my-projects\disassembler\disassembler\disassembler.cpp(47) : definition of 'i' used
         Generating Code...
     1>c:\users\joe\documents\github\my-projects\disassembler\disassembler\disassembler.cpp(129): warning C4715: 'DisAssembler::hxStrConv' : not all control paths return a value
         Skipping... (no relevant changes detected)
         Main.cpp
       Link:
         C:\Program Files (x86)\Microsoft Visual Studio 12.0\VC\bin\link.exe /ERRORREPORT:PROMPT /OUT:"C:\Users\Joe\Documents\GitHub\My-Projects\DisAssembler\Debug\DisAssembler.exe" /INCREMENTAL /NOLOGO kernel32.lib user32.lib gdi32.lib winspool.lib comdlg32.lib advapi32.lib shell32.lib ole32.lib oleaut32.lib uuid.lib odbc32.lib odbccp32.lib /MANIFEST /MANIFESTUAC:"level='asInvoker' uiAccess='false'" /manifest:embed /DEBUG /PDB:"C:\Users\Joe\Documents\GitHub\My-Projects\DisAssembler\Debug\DisAssembler.pdb" /SUBSYSTEM:CONSOLE /TLBID:1 /DYNAMICBASE /NXCOMPAT /IMPLIB:"C:\Users\Joe\Documents\GitHub\My-Projects\DisAssembler\Debug\DisAssembler.lib" /MACHINE:X86 Debug\DisAssembler.obj
         Debug\Main.obj
         DisAssembler.vcxproj -> C:\Users\Joe\Documents\GitHub\My-Projects\DisAssembler\Debug\DisAssembler.exe
     1>Done Building Project "C:\Users\Joe\Documents\GitHub\My-Projects\DisAssembler\DisAssembler\DisAssembler.vcxproj" (Build target(s)).

Build succeeded.

Time Elapsed 00:00:01.74
